CRITICAL - 2022-03-04 22:59:37 --> session_start(): Failed to decode session object. Session has been destroyed
#0 [internal function]: CodeIgniter\Debug\Exceptions->errorHandler(2, 'session_start()...', 'C:\\xampp\\htdocs...', 894)
#1 C:\xampp\htdocs\app_cafe_mellinda\system\Session\Session.php(894): session_start()
#2 C:\xampp\htdocs\app_cafe_mellinda\system\Session\Session.php(238): CodeIgniter\Session\Session->startSession()
#3 C:\xampp\htdocs\app_cafe_mellinda\system\Config\Services.php(577): CodeIgniter\Session\Session->start()
#4 C:\xampp\htdocs\app_cafe_mellinda\system\Config\BaseService.php(248): CodeIgniter\Config\Services::session(Object(Config\App), false)
#5 C:\xampp\htdocs\app_cafe_mellinda\system\Config\BaseService.php(189): CodeIgniter\Config\BaseService::__callStatic('session', Array)
#6 C:\xampp\htdocs\app_cafe_mellinda\system\Config\Services.php(563): CodeIgniter\Config\BaseService::getSharedInstance('session', NULL)
#7 C:\xampp\htdocs\app_cafe_mellinda\system\Config\BaseService.php(248): CodeIgniter\Config\Services::session()
#8 C:\xampp\htdocs\app_cafe_mellinda\system\Common.php(901): CodeIgniter\Config\BaseService::__callStatic('session', Array)
#9 C:\xampp\htdocs\app_cafe_mellinda\app\Views\login.php(17): session()
#10 C:\xampp\htdocs\app_cafe_mellinda\system\View\View.php(210): include('C:\\xampp\\htdocs...')
#11 C:\xampp\htdocs\app_cafe_mellinda\system\View\View.php(213): CodeIgniter\View\View->CodeIgniter\View\{closure}()
#12 C:\xampp\htdocs\app_cafe_mellinda\system\Common.php(1089): CodeIgniter\View\View->render('login', Array, true)
#13 C:\xampp\htdocs\app_cafe_mellinda\app\Controllers\UserController.php(57): view('login')
#14 C:\xampp\htdocs\app_cafe_mellinda\system\CodeIgniter.php(825): App\Controllers\UserController->tlogin()
#15 C:\xampp\htdocs\app_cafe_mellinda\system\CodeIgniter.php(412): CodeIgniter\CodeIgniter->runController(Object(App\Controllers\UserController))
#16 C:\xampp\htdocs\app_cafe_mellinda\system\CodeIgniter.php(320): CodeIgniter\CodeIgniter->handleRequest(NULL, Object(Config\Cache), false)
#17 C:\xampp\htdocs\app_cafe_mellinda\public\index.php(37): CodeIgniter\CodeIgniter->run()
#18 C:\xampp\htdocs\app_cafe_mellinda\system\Commands\Server\rewrite.php(43): require_once('C:\\xampp\\htdocs...')
#19 {main}
