CRITICAL - 2022-02-21 22:49:37 --> Undefined variable $row
#0 D:\xampp\htdocs\app_cafe_mellinda\app\Views\user.php(91): CodeIgniter\Debug\Exceptions->errorHandler(2, 'Undefined varia...', 'D:\\xampp\\htdocs...', 91)
#1 D:\xampp\htdocs\app_cafe_mellinda\system\View\View.php(210): include('D:\\xampp\\htdocs...')
#2 D:\xampp\htdocs\app_cafe_mellinda\system\View\View.php(213): CodeIgniter\View\View->CodeIgniter\View\{closure}()
#3 D:\xampp\htdocs\app_cafe_mellinda\system\Common.php(1089): CodeIgniter\View\View->render('user', Array, true)
#4 D:\xampp\htdocs\app_cafe_mellinda\app\Controllers\UserController.php(25): view('user', Array)
#5 D:\xampp\htdocs\app_cafe_mellinda\system\CodeIgniter.php(825): App\Controllers\UserController->tampil()
#6 D:\xampp\htdocs\app_cafe_mellinda\system\CodeIgniter.php(412): CodeIgniter\CodeIgniter->runController(Object(App\Controllers\UserController))
#7 D:\xampp\htdocs\app_cafe_mellinda\system\CodeIgniter.php(320): CodeIgniter\CodeIgniter->handleRequest(NULL, Object(Config\Cache), false)
#8 D:\xampp\htdocs\app_cafe_mellinda\public\index.php(37): CodeIgniter\CodeIgniter->run()
#9 D:\xampp\htdocs\app_cafe_mellinda\system\Commands\Server\rewrite.php(43): require_once('D:\\xampp\\htdocs...')
#10 {main}
CRITICAL - 2022-02-21 22:51:46 --> Undefined variable $row
#0 D:\xampp\htdocs\app_cafe_mellinda\app\Views\user.php(98): CodeIgniter\Debug\Exceptions->errorHandler(2, 'Undefined varia...', 'D:\\xampp\\htdocs...', 98)
#1 D:\xampp\htdocs\app_cafe_mellinda\system\View\View.php(210): include('D:\\xampp\\htdocs...')
#2 D:\xampp\htdocs\app_cafe_mellinda\system\View\View.php(213): CodeIgniter\View\View->CodeIgniter\View\{closure}()
#3 D:\xampp\htdocs\app_cafe_mellinda\system\Common.php(1089): CodeIgniter\View\View->render('user', Array, true)
#4 D:\xampp\htdocs\app_cafe_mellinda\app\Controllers\UserController.php(25): view('user', Array)
#5 D:\xampp\htdocs\app_cafe_mellinda\system\CodeIgniter.php(825): App\Controllers\UserController->tampil()
#6 D:\xampp\htdocs\app_cafe_mellinda\system\CodeIgniter.php(412): CodeIgniter\CodeIgniter->runController(Object(App\Controllers\UserController))
#7 D:\xampp\htdocs\app_cafe_mellinda\system\CodeIgniter.php(320): CodeIgniter\CodeIgniter->handleRequest(NULL, Object(Config\Cache), false)
#8 D:\xampp\htdocs\app_cafe_mellinda\public\index.php(37): CodeIgniter\CodeIgniter->run()
#9 D:\xampp\htdocs\app_cafe_mellinda\system\Commands\Server\rewrite.php(43): require_once('D:\\xampp\\htdocs...')
#10 {main}
CRITICAL - 2022-02-21 22:51:47 --> Undefined variable $row
#0 D:\xampp\htdocs\app_cafe_mellinda\app\Views\user.php(98): CodeIgniter\Debug\Exceptions->errorHandler(2, 'Undefined varia...', 'D:\\xampp\\htdocs...', 98)
#1 D:\xampp\htdocs\app_cafe_mellinda\system\View\View.php(210): include('D:\\xampp\\htdocs...')
#2 D:\xampp\htdocs\app_cafe_mellinda\system\View\View.php(213): CodeIgniter\View\View->CodeIgniter\View\{closure}()
#3 D:\xampp\htdocs\app_cafe_mellinda\system\Common.php(1089): CodeIgniter\View\View->render('user', Array, true)
#4 D:\xampp\htdocs\app_cafe_mellinda\app\Controllers\UserController.php(25): view('user', Array)
#5 D:\xampp\htdocs\app_cafe_mellinda\system\CodeIgniter.php(825): App\Controllers\UserController->tampil()
#6 D:\xampp\htdocs\app_cafe_mellinda\system\CodeIgniter.php(412): CodeIgniter\CodeIgniter->runController(Object(App\Controllers\UserController))
#7 D:\xampp\htdocs\app_cafe_mellinda\system\CodeIgniter.php(320): CodeIgniter\CodeIgniter->handleRequest(NULL, Object(Config\Cache), false)
#8 D:\xampp\htdocs\app_cafe_mellinda\public\index.php(37): CodeIgniter\CodeIgniter->run()
#9 D:\xampp\htdocs\app_cafe_mellinda\system\Commands\Server\rewrite.php(43): require_once('D:\\xampp\\htdocs...')
#10 {main}
CRITICAL - 2022-02-21 22:51:48 --> Undefined variable $row
#0 D:\xampp\htdocs\app_cafe_mellinda\app\Views\user.php(98): CodeIgniter\Debug\Exceptions->errorHandler(2, 'Undefined varia...', 'D:\\xampp\\htdocs...', 98)
#1 D:\xampp\htdocs\app_cafe_mellinda\system\View\View.php(210): include('D:\\xampp\\htdocs...')
#2 D:\xampp\htdocs\app_cafe_mellinda\system\View\View.php(213): CodeIgniter\View\View->CodeIgniter\View\{closure}()
#3 D:\xampp\htdocs\app_cafe_mellinda\system\Common.php(1089): CodeIgniter\View\View->render('user', Array, true)
#4 D:\xampp\htdocs\app_cafe_mellinda\app\Controllers\UserController.php(25): view('user', Array)
#5 D:\xampp\htdocs\app_cafe_mellinda\system\CodeIgniter.php(825): App\Controllers\UserController->tampil()
#6 D:\xampp\htdocs\app_cafe_mellinda\system\CodeIgniter.php(412): CodeIgniter\CodeIgniter->runController(Object(App\Controllers\UserController))
#7 D:\xampp\htdocs\app_cafe_mellinda\system\CodeIgniter.php(320): CodeIgniter\CodeIgniter->handleRequest(NULL, Object(Config\Cache), false)
#8 D:\xampp\htdocs\app_cafe_mellinda\public\index.php(37): CodeIgniter\CodeIgniter->run()
#9 D:\xampp\htdocs\app_cafe_mellinda\system\Commands\Server\rewrite.php(43): require_once('D:\\xampp\\htdocs...')
#10 {main}
CRITICAL - 2022-02-21 22:52:15 --> Undefined variable $row
#0 D:\xampp\htdocs\app_cafe_mellinda\app\Views\user.php(102): CodeIgniter\Debug\Exceptions->errorHandler(2, 'Undefined varia...', 'D:\\xampp\\htdocs...', 102)
#1 D:\xampp\htdocs\app_cafe_mellinda\system\View\View.php(210): include('D:\\xampp\\htdocs...')
#2 D:\xampp\htdocs\app_cafe_mellinda\system\View\View.php(213): CodeIgniter\View\View->CodeIgniter\View\{closure}()
#3 D:\xampp\htdocs\app_cafe_mellinda\system\Common.php(1089): CodeIgniter\View\View->render('user', Array, true)
#4 D:\xampp\htdocs\app_cafe_mellinda\app\Controllers\UserController.php(25): view('user', Array)
#5 D:\xampp\htdocs\app_cafe_mellinda\system\CodeIgniter.php(825): App\Controllers\UserController->tampil()
#6 D:\xampp\htdocs\app_cafe_mellinda\system\CodeIgniter.php(412): CodeIgniter\CodeIgniter->runController(Object(App\Controllers\UserController))
#7 D:\xampp\htdocs\app_cafe_mellinda\system\CodeIgniter.php(320): CodeIgniter\CodeIgniter->handleRequest(NULL, Object(Config\Cache), false)
#8 D:\xampp\htdocs\app_cafe_mellinda\public\index.php(37): CodeIgniter\CodeIgniter->run()
#9 D:\xampp\htdocs\app_cafe_mellinda\system\Commands\Server\rewrite.php(43): require_once('D:\\xampp\\htdocs...')
#10 {main}
CRITICAL - 2022-02-21 22:52:16 --> Undefined variable $row
#0 D:\xampp\htdocs\app_cafe_mellinda\app\Views\user.php(102): CodeIgniter\Debug\Exceptions->errorHandler(2, 'Undefined varia...', 'D:\\xampp\\htdocs...', 102)
#1 D:\xampp\htdocs\app_cafe_mellinda\system\View\View.php(210): include('D:\\xampp\\htdocs...')
#2 D:\xampp\htdocs\app_cafe_mellinda\system\View\View.php(213): CodeIgniter\View\View->CodeIgniter\View\{closure}()
#3 D:\xampp\htdocs\app_cafe_mellinda\system\Common.php(1089): CodeIgniter\View\View->render('user', Array, true)
#4 D:\xampp\htdocs\app_cafe_mellinda\app\Controllers\UserController.php(25): view('user', Array)
#5 D:\xampp\htdocs\app_cafe_mellinda\system\CodeIgniter.php(825): App\Controllers\UserController->tampil()
#6 D:\xampp\htdocs\app_cafe_mellinda\system\CodeIgniter.php(412): CodeIgniter\CodeIgniter->runController(Object(App\Controllers\UserController))
#7 D:\xampp\htdocs\app_cafe_mellinda\system\CodeIgniter.php(320): CodeIgniter\CodeIgniter->handleRequest(NULL, Object(Config\Cache), false)
#8 D:\xampp\htdocs\app_cafe_mellinda\public\index.php(37): CodeIgniter\CodeIgniter->run()
#9 D:\xampp\htdocs\app_cafe_mellinda\system\Commands\Server\rewrite.php(43): require_once('D:\\xampp\\htdocs...')
#10 {main}
CRITICAL - 2022-02-21 22:54:23 --> Undefined variable $row
#0 D:\xampp\htdocs\app_cafe_mellinda\app\Views\user.php(114): CodeIgniter\Debug\Exceptions->errorHandler(2, 'Undefined varia...', 'D:\\xampp\\htdocs...', 114)
#1 D:\xampp\htdocs\app_cafe_mellinda\system\View\View.php(210): include('D:\\xampp\\htdocs...')
#2 D:\xampp\htdocs\app_cafe_mellinda\system\View\View.php(213): CodeIgniter\View\View->CodeIgniter\View\{closure}()
#3 D:\xampp\htdocs\app_cafe_mellinda\system\Common.php(1089): CodeIgniter\View\View->render('user', Array, true)
#4 D:\xampp\htdocs\app_cafe_mellinda\app\Controllers\UserController.php(25): view('user', Array)
#5 D:\xampp\htdocs\app_cafe_mellinda\system\CodeIgniter.php(825): App\Controllers\UserController->tampil()
#6 D:\xampp\htdocs\app_cafe_mellinda\system\CodeIgniter.php(412): CodeIgniter\CodeIgniter->runController(Object(App\Controllers\UserController))
#7 D:\xampp\htdocs\app_cafe_mellinda\system\CodeIgniter.php(320): CodeIgniter\CodeIgniter->handleRequest(NULL, Object(Config\Cache), false)
#8 D:\xampp\htdocs\app_cafe_mellinda\public\index.php(37): CodeIgniter\CodeIgniter->run()
#9 D:\xampp\htdocs\app_cafe_mellinda\system\Commands\Server\rewrite.php(43): require_once('D:\\xampp\\htdocs...')
#10 {main}
CRITICAL - 2022-02-21 05:28:20 --> Undefined variable $data
#0 C:\xampp\htdocs\app_cafe_mellinda\app\Views\user.php(26): CodeIgniter\Debug\Exceptions->errorHandler(2, 'Undefined varia...', 'C:\\xampp\\htdocs...', 26)
#1 C:\xampp\htdocs\app_cafe_mellinda\system\View\View.php(210): include('C:\\xampp\\htdocs...')
#2 C:\xampp\htdocs\app_cafe_mellinda\system\View\View.php(213): CodeIgniter\View\View->CodeIgniter\View\{closure}()
#3 C:\xampp\htdocs\app_cafe_mellinda\system\Common.php(1089): CodeIgniter\View\View->render('user', Array, true)
#4 C:\xampp\htdocs\app_cafe_mellinda\app\Controllers\Home.php(17): view('user')
#5 C:\xampp\htdocs\app_cafe_mellinda\system\CodeIgniter.php(825): App\Controllers\Home->user()
#6 C:\xampp\htdocs\app_cafe_mellinda\system\CodeIgniter.php(412): CodeIgniter\CodeIgniter->runController(Object(App\Controllers\Home))
#7 C:\xampp\htdocs\app_cafe_mellinda\system\CodeIgniter.php(320): CodeIgniter\CodeIgniter->handleRequest(NULL, Object(Config\Cache), false)
#8 C:\xampp\htdocs\app_cafe_mellinda\public\index.php(37): CodeIgniter\CodeIgniter->run()
#9 C:\xampp\htdocs\app_cafe_mellinda\system\Commands\Server\rewrite.php(43): require_once('C:\\xampp\\htdocs...')
#10 {main}
CRITICAL - 2022-02-21 05:29:58 --> Undefined variable $data
#0 C:\xampp\htdocs\app_cafe_mellinda\app\Views\user.php(26): CodeIgniter\Debug\Exceptions->errorHandler(2, 'Undefined varia...', 'C:\\xampp\\htdocs...', 26)
#1 C:\xampp\htdocs\app_cafe_mellinda\system\View\View.php(210): include('C:\\xampp\\htdocs...')
#2 C:\xampp\htdocs\app_cafe_mellinda\system\View\View.php(213): CodeIgniter\View\View->CodeIgniter\View\{closure}()
#3 C:\xampp\htdocs\app_cafe_mellinda\system\Common.php(1089): CodeIgniter\View\View->render('user', Array, true)
#4 C:\xampp\htdocs\app_cafe_mellinda\app\Controllers\Home.php(17): view('user')
#5 C:\xampp\htdocs\app_cafe_mellinda\system\CodeIgniter.php(825): App\Controllers\Home->user()
#6 C:\xampp\htdocs\app_cafe_mellinda\system\CodeIgniter.php(412): CodeIgniter\CodeIgniter->runController(Object(App\Controllers\Home))
#7 C:\xampp\htdocs\app_cafe_mellinda\system\CodeIgniter.php(320): CodeIgniter\CodeIgniter->handleRequest(NULL, Object(Config\Cache), false)
#8 C:\xampp\htdocs\app_cafe_mellinda\public\index.php(37): CodeIgniter\CodeIgniter->run()
#9 C:\xampp\htdocs\app_cafe_mellinda\system\Commands\Server\rewrite.php(43): require_once('C:\\xampp\\htdocs...')
#10 {main}
CRITICAL - 2022-02-21 05:30:23 --> Undefined variable $data
#0 C:\xampp\htdocs\app_cafe_mellinda\app\Views\user.php(26): CodeIgniter\Debug\Exceptions->errorHandler(2, 'Undefined varia...', 'C:\\xampp\\htdocs...', 26)
#1 C:\xampp\htdocs\app_cafe_mellinda\system\View\View.php(210): include('C:\\xampp\\htdocs...')
#2 C:\xampp\htdocs\app_cafe_mellinda\system\View\View.php(213): CodeIgniter\View\View->CodeIgniter\View\{closure}()
#3 C:\xampp\htdocs\app_cafe_mellinda\system\Common.php(1089): CodeIgniter\View\View->render('user', Array, true)
#4 C:\xampp\htdocs\app_cafe_mellinda\app\Controllers\Home.php(17): view('user')
#5 C:\xampp\htdocs\app_cafe_mellinda\system\CodeIgniter.php(825): App\Controllers\Home->user()
#6 C:\xampp\htdocs\app_cafe_mellinda\system\CodeIgniter.php(412): CodeIgniter\CodeIgniter->runController(Object(App\Controllers\Home))
#7 C:\xampp\htdocs\app_cafe_mellinda\system\CodeIgniter.php(320): CodeIgniter\CodeIgniter->handleRequest(NULL, Object(Config\Cache), false)
#8 C:\xampp\htdocs\app_cafe_mellinda\public\index.php(37): CodeIgniter\CodeIgniter->run()
#9 C:\xampp\htdocs\app_cafe_mellinda\system\Commands\Server\rewrite.php(43): require_once('C:\\xampp\\htdocs...')
#10 {main}
CRITICAL - 2022-02-21 05:36:36 --> Undefined variable $data
#0 C:\xampp\htdocs\app_cafe_mellinda\app\Views\user.php(26): CodeIgniter\Debug\Exceptions->errorHandler(2, 'Undefined varia...', 'C:\\xampp\\htdocs...', 26)
#1 C:\xampp\htdocs\app_cafe_mellinda\system\View\View.php(210): include('C:\\xampp\\htdocs...')
#2 C:\xampp\htdocs\app_cafe_mellinda\system\View\View.php(213): CodeIgniter\View\View->CodeIgniter\View\{closure}()
#3 C:\xampp\htdocs\app_cafe_mellinda\system\Common.php(1089): CodeIgniter\View\View->render('user', Array, true)
#4 C:\xampp\htdocs\app_cafe_mellinda\app\Controllers\Home.php(17): view('user')
#5 C:\xampp\htdocs\app_cafe_mellinda\system\CodeIgniter.php(825): App\Controllers\Home->user()
#6 C:\xampp\htdocs\app_cafe_mellinda\system\CodeIgniter.php(412): CodeIgniter\CodeIgniter->runController(Object(App\Controllers\Home))
#7 C:\xampp\htdocs\app_cafe_mellinda\system\CodeIgniter.php(320): CodeIgniter\CodeIgniter->handleRequest(NULL, Object(Config\Cache), false)
#8 C:\xampp\htdocs\app_cafe_mellinda\public\index.php(37): CodeIgniter\CodeIgniter->run()
#9 C:\xampp\htdocs\app_cafe_mellinda\system\Commands\Server\rewrite.php(43): require_once('C:\\xampp\\htdocs...')
#10 {main}
CRITICAL - 2022-02-21 06:16:57 --> Undefined variable $data
#0 C:\xampp\htdocs\app_cafe_mellinda\app\Views\user.php(26): CodeIgniter\Debug\Exceptions->errorHandler(2, 'Undefined varia...', 'C:\\xampp\\htdocs...', 26)
#1 C:\xampp\htdocs\app_cafe_mellinda\system\View\View.php(210): include('C:\\xampp\\htdocs...')
#2 C:\xampp\htdocs\app_cafe_mellinda\system\View\View.php(213): CodeIgniter\View\View->CodeIgniter\View\{closure}()
#3 C:\xampp\htdocs\app_cafe_mellinda\system\Common.php(1089): CodeIgniter\View\View->render('user', Array, true)
#4 C:\xampp\htdocs\app_cafe_mellinda\app\Controllers\Home.php(17): view('user')
#5 C:\xampp\htdocs\app_cafe_mellinda\system\CodeIgniter.php(825): App\Controllers\Home->user()
#6 C:\xampp\htdocs\app_cafe_mellinda\system\CodeIgniter.php(412): CodeIgniter\CodeIgniter->runController(Object(App\Controllers\Home))
#7 C:\xampp\htdocs\app_cafe_mellinda\system\CodeIgniter.php(320): CodeIgniter\CodeIgniter->handleRequest(NULL, Object(Config\Cache), false)
#8 C:\xampp\htdocs\app_cafe_mellinda\public\index.php(37): CodeIgniter\CodeIgniter->run()
#9 C:\xampp\htdocs\app_cafe_mellinda\system\Commands\Server\rewrite.php(43): require_once('C:\\xampp\\htdocs...')
#10 {main}
CRITICAL - 2022-02-21 06:42:34 --> Undefined variable $data
#0 C:\xampp\htdocs\app_cafe_mellinda\app\Views\user.php(26): CodeIgniter\Debug\Exceptions->errorHandler(2, 'Undefined varia...', 'C:\\xampp\\htdocs...', 26)
#1 C:\xampp\htdocs\app_cafe_mellinda\system\View\View.php(210): include('C:\\xampp\\htdocs...')
#2 C:\xampp\htdocs\app_cafe_mellinda\system\View\View.php(213): CodeIgniter\View\View->CodeIgniter\View\{closure}()
#3 C:\xampp\htdocs\app_cafe_mellinda\system\Common.php(1089): CodeIgniter\View\View->render('user', Array, true)
#4 C:\xampp\htdocs\app_cafe_mellinda\app\Controllers\Home.php(17): view('user')
#5 C:\xampp\htdocs\app_cafe_mellinda\system\CodeIgniter.php(825): App\Controllers\Home->user()
#6 C:\xampp\htdocs\app_cafe_mellinda\system\CodeIgniter.php(412): CodeIgniter\CodeIgniter->runController(Object(App\Controllers\Home))
#7 C:\xampp\htdocs\app_cafe_mellinda\system\CodeIgniter.php(320): CodeIgniter\CodeIgniter->handleRequest(NULL, Object(Config\Cache), false)
#8 C:\xampp\htdocs\app_cafe_mellinda\public\index.php(37): CodeIgniter\CodeIgniter->run()
#9 C:\xampp\htdocs\app_cafe_mellinda\system\Commands\Server\rewrite.php(43): require_once('C:\\xampp\\htdocs...')
#10 {main}
CRITICAL - 2022-02-21 06:43:40 --> Undefined variable $data
#0 C:\xampp\htdocs\app_cafe_mellinda\app\Views\user.php(28): CodeIgniter\Debug\Exceptions->errorHandler(2, 'Undefined varia...', 'C:\\xampp\\htdocs...', 28)
#1 C:\xampp\htdocs\app_cafe_mellinda\system\View\View.php(210): include('C:\\xampp\\htdocs...')
#2 C:\xampp\htdocs\app_cafe_mellinda\system\View\View.php(213): CodeIgniter\View\View->CodeIgniter\View\{closure}()
#3 C:\xampp\htdocs\app_cafe_mellinda\system\Common.php(1089): CodeIgniter\View\View->render('user', Array, true)
#4 C:\xampp\htdocs\app_cafe_mellinda\app\Controllers\Home.php(17): view('user')
#5 C:\xampp\htdocs\app_cafe_mellinda\system\CodeIgniter.php(825): App\Controllers\Home->user()
#6 C:\xampp\htdocs\app_cafe_mellinda\system\CodeIgniter.php(412): CodeIgniter\CodeIgniter->runController(Object(App\Controllers\Home))
#7 C:\xampp\htdocs\app_cafe_mellinda\system\CodeIgniter.php(320): CodeIgniter\CodeIgniter->handleRequest(NULL, Object(Config\Cache), false)
#8 C:\xampp\htdocs\app_cafe_mellinda\public\index.php(37): CodeIgniter\CodeIgniter->run()
#9 C:\xampp\htdocs\app_cafe_mellinda\system\Commands\Server\rewrite.php(43): require_once('C:\\xampp\\htdocs...')
#10 {main}
CRITICAL - 2022-02-21 06:43:45 --> Undefined variable $data
#0 C:\xampp\htdocs\app_cafe_mellinda\app\Views\user.php(28): CodeIgniter\Debug\Exceptions->errorHandler(2, 'Undefined varia...', 'C:\\xampp\\htdocs...', 28)
#1 C:\xampp\htdocs\app_cafe_mellinda\system\View\View.php(210): include('C:\\xampp\\htdocs...')
#2 C:\xampp\htdocs\app_cafe_mellinda\system\View\View.php(213): CodeIgniter\View\View->CodeIgniter\View\{closure}()
#3 C:\xampp\htdocs\app_cafe_mellinda\system\Common.php(1089): CodeIgniter\View\View->render('user', Array, true)
#4 C:\xampp\htdocs\app_cafe_mellinda\app\Controllers\Home.php(17): view('user')
#5 C:\xampp\htdocs\app_cafe_mellinda\system\CodeIgniter.php(825): App\Controllers\Home->user()
#6 C:\xampp\htdocs\app_cafe_mellinda\system\CodeIgniter.php(412): CodeIgniter\CodeIgniter->runController(Object(App\Controllers\Home))
#7 C:\xampp\htdocs\app_cafe_mellinda\system\CodeIgniter.php(320): CodeIgniter\CodeIgniter->handleRequest(NULL, Object(Config\Cache), false)
#8 C:\xampp\htdocs\app_cafe_mellinda\public\index.php(37): CodeIgniter\CodeIgniter->run()
#9 C:\xampp\htdocs\app_cafe_mellinda\system\Commands\Server\rewrite.php(43): require_once('C:\\xampp\\htdocs...')
#10 {main}
CRITICAL - 2022-02-21 06:43:46 --> Undefined variable $data
#0 C:\xampp\htdocs\app_cafe_mellinda\app\Views\user.php(28): CodeIgniter\Debug\Exceptions->errorHandler(2, 'Undefined varia...', 'C:\\xampp\\htdocs...', 28)
#1 C:\xampp\htdocs\app_cafe_mellinda\system\View\View.php(210): include('C:\\xampp\\htdocs...')
#2 C:\xampp\htdocs\app_cafe_mellinda\system\View\View.php(213): CodeIgniter\View\View->CodeIgniter\View\{closure}()
#3 C:\xampp\htdocs\app_cafe_mellinda\system\Common.php(1089): CodeIgniter\View\View->render('user', Array, true)
#4 C:\xampp\htdocs\app_cafe_mellinda\app\Controllers\Home.php(17): view('user')
#5 C:\xampp\htdocs\app_cafe_mellinda\system\CodeIgniter.php(825): App\Controllers\Home->user()
#6 C:\xampp\htdocs\app_cafe_mellinda\system\CodeIgniter.php(412): CodeIgniter\CodeIgniter->runController(Object(App\Controllers\Home))
#7 C:\xampp\htdocs\app_cafe_mellinda\system\CodeIgniter.php(320): CodeIgniter\CodeIgniter->handleRequest(NULL, Object(Config\Cache), false)
#8 C:\xampp\htdocs\app_cafe_mellinda\public\index.php(37): CodeIgniter\CodeIgniter->run()
#9 C:\xampp\htdocs\app_cafe_mellinda\system\Commands\Server\rewrite.php(43): require_once('C:\\xampp\\htdocs...')
#10 {main}
CRITICAL - 2022-02-21 06:44:18 --> Undefined variable $data
#0 C:\xampp\htdocs\app_cafe_mellinda\app\Views\user.php(28): CodeIgniter\Debug\Exceptions->errorHandler(2, 'Undefined varia...', 'C:\\xampp\\htdocs...', 28)
#1 C:\xampp\htdocs\app_cafe_mellinda\system\View\View.php(210): include('C:\\xampp\\htdocs...')
#2 C:\xampp\htdocs\app_cafe_mellinda\system\View\View.php(213): CodeIgniter\View\View->CodeIgniter\View\{closure}()
#3 C:\xampp\htdocs\app_cafe_mellinda\system\Common.php(1089): CodeIgniter\View\View->render('user', Array, true)
#4 C:\xampp\htdocs\app_cafe_mellinda\app\Controllers\Home.php(17): view('user')
#5 C:\xampp\htdocs\app_cafe_mellinda\system\CodeIgniter.php(825): App\Controllers\Home->user()
#6 C:\xampp\htdocs\app_cafe_mellinda\system\CodeIgniter.php(412): CodeIgniter\CodeIgniter->runController(Object(App\Controllers\Home))
#7 C:\xampp\htdocs\app_cafe_mellinda\system\CodeIgniter.php(320): CodeIgniter\CodeIgniter->handleRequest(NULL, Object(Config\Cache), false)
#8 C:\xampp\htdocs\app_cafe_mellinda\public\index.php(37): CodeIgniter\CodeIgniter->run()
#9 C:\xampp\htdocs\app_cafe_mellinda\system\Commands\Server\rewrite.php(43): require_once('C:\\xampp\\htdocs...')
#10 {main}
CRITICAL - 2022-02-21 06:44:19 --> Undefined variable $data
#0 C:\xampp\htdocs\app_cafe_mellinda\app\Views\user.php(28): CodeIgniter\Debug\Exceptions->errorHandler(2, 'Undefined varia...', 'C:\\xampp\\htdocs...', 28)
#1 C:\xampp\htdocs\app_cafe_mellinda\system\View\View.php(210): include('C:\\xampp\\htdocs...')
#2 C:\xampp\htdocs\app_cafe_mellinda\system\View\View.php(213): CodeIgniter\View\View->CodeIgniter\View\{closure}()
#3 C:\xampp\htdocs\app_cafe_mellinda\system\Common.php(1089): CodeIgniter\View\View->render('user', Array, true)
#4 C:\xampp\htdocs\app_cafe_mellinda\app\Controllers\Home.php(17): view('user')
#5 C:\xampp\htdocs\app_cafe_mellinda\system\CodeIgniter.php(825): App\Controllers\Home->user()
#6 C:\xampp\htdocs\app_cafe_mellinda\system\CodeIgniter.php(412): CodeIgniter\CodeIgniter->runController(Object(App\Controllers\Home))
#7 C:\xampp\htdocs\app_cafe_mellinda\system\CodeIgniter.php(320): CodeIgniter\CodeIgniter->handleRequest(NULL, Object(Config\Cache), false)
#8 C:\xampp\htdocs\app_cafe_mellinda\public\index.php(37): CodeIgniter\CodeIgniter->run()
#9 C:\xampp\htdocs\app_cafe_mellinda\system\Commands\Server\rewrite.php(43): require_once('C:\\xampp\\htdocs...')
#10 {main}
CRITICAL - 2022-02-21 06:44:20 --> Undefined variable $data
#0 C:\xampp\htdocs\app_cafe_mellinda\app\Views\user.php(28): CodeIgniter\Debug\Exceptions->errorHandler(2, 'Undefined varia...', 'C:\\xampp\\htdocs...', 28)
#1 C:\xampp\htdocs\app_cafe_mellinda\system\View\View.php(210): include('C:\\xampp\\htdocs...')
#2 C:\xampp\htdocs\app_cafe_mellinda\system\View\View.php(213): CodeIgniter\View\View->CodeIgniter\View\{closure}()
#3 C:\xampp\htdocs\app_cafe_mellinda\system\Common.php(1089): CodeIgniter\View\View->render('user', Array, true)
#4 C:\xampp\htdocs\app_cafe_mellinda\app\Controllers\Home.php(17): view('user')
#5 C:\xampp\htdocs\app_cafe_mellinda\system\CodeIgniter.php(825): App\Controllers\Home->user()
#6 C:\xampp\htdocs\app_cafe_mellinda\system\CodeIgniter.php(412): CodeIgniter\CodeIgniter->runController(Object(App\Controllers\Home))
#7 C:\xampp\htdocs\app_cafe_mellinda\system\CodeIgniter.php(320): CodeIgniter\CodeIgniter->handleRequest(NULL, Object(Config\Cache), false)
#8 C:\xampp\htdocs\app_cafe_mellinda\public\index.php(37): CodeIgniter\CodeIgniter->run()
#9 C:\xampp\htdocs\app_cafe_mellinda\system\Commands\Server\rewrite.php(43): require_once('C:\\xampp\\htdocs...')
#10 {main}
CRITICAL - 2022-02-21 06:44:20 --> Undefined variable $data
#0 C:\xampp\htdocs\app_cafe_mellinda\app\Views\user.php(28): CodeIgniter\Debug\Exceptions->errorHandler(2, 'Undefined varia...', 'C:\\xampp\\htdocs...', 28)
#1 C:\xampp\htdocs\app_cafe_mellinda\system\View\View.php(210): include('C:\\xampp\\htdocs...')
#2 C:\xampp\htdocs\app_cafe_mellinda\system\View\View.php(213): CodeIgniter\View\View->CodeIgniter\View\{closure}()
#3 C:\xampp\htdocs\app_cafe_mellinda\system\Common.php(1089): CodeIgniter\View\View->render('user', Array, true)
#4 C:\xampp\htdocs\app_cafe_mellinda\app\Controllers\Home.php(17): view('user')
#5 C:\xampp\htdocs\app_cafe_mellinda\system\CodeIgniter.php(825): App\Controllers\Home->user()
#6 C:\xampp\htdocs\app_cafe_mellinda\system\CodeIgniter.php(412): CodeIgniter\CodeIgniter->runController(Object(App\Controllers\Home))
#7 C:\xampp\htdocs\app_cafe_mellinda\system\CodeIgniter.php(320): CodeIgniter\CodeIgniter->handleRequest(NULL, Object(Config\Cache), false)
#8 C:\xampp\htdocs\app_cafe_mellinda\public\index.php(37): CodeIgniter\CodeIgniter->run()
#9 C:\xampp\htdocs\app_cafe_mellinda\system\Commands\Server\rewrite.php(43): require_once('C:\\xampp\\htdocs...')
#10 {main}
CRITICAL - 2022-02-21 06:44:20 --> Undefined variable $data
#0 C:\xampp\htdocs\app_cafe_mellinda\app\Views\user.php(28): CodeIgniter\Debug\Exceptions->errorHandler(2, 'Undefined varia...', 'C:\\xampp\\htdocs...', 28)
#1 C:\xampp\htdocs\app_cafe_mellinda\system\View\View.php(210): include('C:\\xampp\\htdocs...')
#2 C:\xampp\htdocs\app_cafe_mellinda\system\View\View.php(213): CodeIgniter\View\View->CodeIgniter\View\{closure}()
#3 C:\xampp\htdocs\app_cafe_mellinda\system\Common.php(1089): CodeIgniter\View\View->render('user', Array, true)
#4 C:\xampp\htdocs\app_cafe_mellinda\app\Controllers\Home.php(17): view('user')
#5 C:\xampp\htdocs\app_cafe_mellinda\system\CodeIgniter.php(825): App\Controllers\Home->user()
#6 C:\xampp\htdocs\app_cafe_mellinda\system\CodeIgniter.php(412): CodeIgniter\CodeIgniter->runController(Object(App\Controllers\Home))
#7 C:\xampp\htdocs\app_cafe_mellinda\system\CodeIgniter.php(320): CodeIgniter\CodeIgniter->handleRequest(NULL, Object(Config\Cache), false)
#8 C:\xampp\htdocs\app_cafe_mellinda\public\index.php(37): CodeIgniter\CodeIgniter->run()
#9 C:\xampp\htdocs\app_cafe_mellinda\system\Commands\Server\rewrite.php(43): require_once('C:\\xampp\\htdocs...')
#10 {main}
CRITICAL - 2022-02-21 06:44:21 --> Undefined variable $data
#0 C:\xampp\htdocs\app_cafe_mellinda\app\Views\user.php(28): CodeIgniter\Debug\Exceptions->errorHandler(2, 'Undefined varia...', 'C:\\xampp\\htdocs...', 28)
#1 C:\xampp\htdocs\app_cafe_mellinda\system\View\View.php(210): include('C:\\xampp\\htdocs...')
#2 C:\xampp\htdocs\app_cafe_mellinda\system\View\View.php(213): CodeIgniter\View\View->CodeIgniter\View\{closure}()
#3 C:\xampp\htdocs\app_cafe_mellinda\system\Common.php(1089): CodeIgniter\View\View->render('user', Array, true)
#4 C:\xampp\htdocs\app_cafe_mellinda\app\Controllers\Home.php(17): view('user')
#5 C:\xampp\htdocs\app_cafe_mellinda\system\CodeIgniter.php(825): App\Controllers\Home->user()
#6 C:\xampp\htdocs\app_cafe_mellinda\system\CodeIgniter.php(412): CodeIgniter\CodeIgniter->runController(Object(App\Controllers\Home))
#7 C:\xampp\htdocs\app_cafe_mellinda\system\CodeIgniter.php(320): CodeIgniter\CodeIgniter->handleRequest(NULL, Object(Config\Cache), false)
#8 C:\xampp\htdocs\app_cafe_mellinda\public\index.php(37): CodeIgniter\CodeIgniter->run()
#9 C:\xampp\htdocs\app_cafe_mellinda\system\Commands\Server\rewrite.php(43): require_once('C:\\xampp\\htdocs...')
#10 {main}
CRITICAL - 2022-02-21 06:44:21 --> Undefined variable $data
#0 C:\xampp\htdocs\app_cafe_mellinda\app\Views\user.php(28): CodeIgniter\Debug\Exceptions->errorHandler(2, 'Undefined varia...', 'C:\\xampp\\htdocs...', 28)
#1 C:\xampp\htdocs\app_cafe_mellinda\system\View\View.php(210): include('C:\\xampp\\htdocs...')
#2 C:\xampp\htdocs\app_cafe_mellinda\system\View\View.php(213): CodeIgniter\View\View->CodeIgniter\View\{closure}()
#3 C:\xampp\htdocs\app_cafe_mellinda\system\Common.php(1089): CodeIgniter\View\View->render('user', Array, true)
#4 C:\xampp\htdocs\app_cafe_mellinda\app\Controllers\Home.php(17): view('user')
#5 C:\xampp\htdocs\app_cafe_mellinda\system\CodeIgniter.php(825): App\Controllers\Home->user()
#6 C:\xampp\htdocs\app_cafe_mellinda\system\CodeIgniter.php(412): CodeIgniter\CodeIgniter->runController(Object(App\Controllers\Home))
#7 C:\xampp\htdocs\app_cafe_mellinda\system\CodeIgniter.php(320): CodeIgniter\CodeIgniter->handleRequest(NULL, Object(Config\Cache), false)
#8 C:\xampp\htdocs\app_cafe_mellinda\public\index.php(37): CodeIgniter\CodeIgniter->run()
#9 C:\xampp\htdocs\app_cafe_mellinda\system\Commands\Server\rewrite.php(43): require_once('C:\\xampp\\htdocs...')
#10 {main}
CRITICAL - 2022-02-21 06:44:22 --> Undefined variable $data
#0 C:\xampp\htdocs\app_cafe_mellinda\app\Views\user.php(28): CodeIgniter\Debug\Exceptions->errorHandler(2, 'Undefined varia...', 'C:\\xampp\\htdocs...', 28)
#1 C:\xampp\htdocs\app_cafe_mellinda\system\View\View.php(210): include('C:\\xampp\\htdocs...')
#2 C:\xampp\htdocs\app_cafe_mellinda\system\View\View.php(213): CodeIgniter\View\View->CodeIgniter\View\{closure}()
#3 C:\xampp\htdocs\app_cafe_mellinda\system\Common.php(1089): CodeIgniter\View\View->render('user', Array, true)
#4 C:\xampp\htdocs\app_cafe_mellinda\app\Controllers\Home.php(17): view('user')
#5 C:\xampp\htdocs\app_cafe_mellinda\system\CodeIgniter.php(825): App\Controllers\Home->user()
#6 C:\xampp\htdocs\app_cafe_mellinda\system\CodeIgniter.php(412): CodeIgniter\CodeIgniter->runController(Object(App\Controllers\Home))
#7 C:\xampp\htdocs\app_cafe_mellinda\system\CodeIgniter.php(320): CodeIgniter\CodeIgniter->handleRequest(NULL, Object(Config\Cache), false)
#8 C:\xampp\htdocs\app_cafe_mellinda\public\index.php(37): CodeIgniter\CodeIgniter->run()
#9 C:\xampp\htdocs\app_cafe_mellinda\system\Commands\Server\rewrite.php(43): require_once('C:\\xampp\\htdocs...')
#10 {main}
CRITICAL - 2022-02-21 06:44:23 --> Undefined variable $data
#0 C:\xampp\htdocs\app_cafe_mellinda\app\Views\user.php(28): CodeIgniter\Debug\Exceptions->errorHandler(2, 'Undefined varia...', 'C:\\xampp\\htdocs...', 28)
#1 C:\xampp\htdocs\app_cafe_mellinda\system\View\View.php(210): include('C:\\xampp\\htdocs...')
#2 C:\xampp\htdocs\app_cafe_mellinda\system\View\View.php(213): CodeIgniter\View\View->CodeIgniter\View\{closure}()
#3 C:\xampp\htdocs\app_cafe_mellinda\system\Common.php(1089): CodeIgniter\View\View->render('user', Array, true)
#4 C:\xampp\htdocs\app_cafe_mellinda\app\Controllers\Home.php(17): view('user')
#5 C:\xampp\htdocs\app_cafe_mellinda\system\CodeIgniter.php(825): App\Controllers\Home->user()
#6 C:\xampp\htdocs\app_cafe_mellinda\system\CodeIgniter.php(412): CodeIgniter\CodeIgniter->runController(Object(App\Controllers\Home))
#7 C:\xampp\htdocs\app_cafe_mellinda\system\CodeIgniter.php(320): CodeIgniter\CodeIgniter->handleRequest(NULL, Object(Config\Cache), false)
#8 C:\xampp\htdocs\app_cafe_mellinda\public\index.php(37): CodeIgniter\CodeIgniter->run()
#9 C:\xampp\htdocs\app_cafe_mellinda\system\Commands\Server\rewrite.php(43): require_once('C:\\xampp\\htdocs...')
#10 {main}
CRITICAL - 2022-02-21 06:44:24 --> Undefined variable $data
#0 C:\xampp\htdocs\app_cafe_mellinda\app\Views\user.php(28): CodeIgniter\Debug\Exceptions->errorHandler(2, 'Undefined varia...', 'C:\\xampp\\htdocs...', 28)
#1 C:\xampp\htdocs\app_cafe_mellinda\system\View\View.php(210): include('C:\\xampp\\htdocs...')
#2 C:\xampp\htdocs\app_cafe_mellinda\system\View\View.php(213): CodeIgniter\View\View->CodeIgniter\View\{closure}()
#3 C:\xampp\htdocs\app_cafe_mellinda\system\Common.php(1089): CodeIgniter\View\View->render('user', Array, true)
#4 C:\xampp\htdocs\app_cafe_mellinda\app\Controllers\Home.php(17): view('user')
#5 C:\xampp\htdocs\app_cafe_mellinda\system\CodeIgniter.php(825): App\Controllers\Home->user()
#6 C:\xampp\htdocs\app_cafe_mellinda\system\CodeIgniter.php(412): CodeIgniter\CodeIgniter->runController(Object(App\Controllers\Home))
#7 C:\xampp\htdocs\app_cafe_mellinda\system\CodeIgniter.php(320): CodeIgniter\CodeIgniter->handleRequest(NULL, Object(Config\Cache), false)
#8 C:\xampp\htdocs\app_cafe_mellinda\public\index.php(37): CodeIgniter\CodeIgniter->run()
#9 C:\xampp\htdocs\app_cafe_mellinda\system\Commands\Server\rewrite.php(43): require_once('C:\\xampp\\htdocs...')
#10 {main}
CRITICAL - 2022-02-21 06:59:57 --> Undefined variable $data
#0 C:\xampp\htdocs\app_cafe_mellinda\app\Views\user.php(28): CodeIgniter\Debug\Exceptions->errorHandler(2, 'Undefined varia...', 'C:\\xampp\\htdocs...', 28)
#1 C:\xampp\htdocs\app_cafe_mellinda\system\View\View.php(210): include('C:\\xampp\\htdocs...')
#2 C:\xampp\htdocs\app_cafe_mellinda\system\View\View.php(213): CodeIgniter\View\View->CodeIgniter\View\{closure}()
#3 C:\xampp\htdocs\app_cafe_mellinda\system\Common.php(1089): CodeIgniter\View\View->render('user', Array, true)
#4 C:\xampp\htdocs\app_cafe_mellinda\app\Controllers\Home.php(17): view('user')
#5 C:\xampp\htdocs\app_cafe_mellinda\system\CodeIgniter.php(825): App\Controllers\Home->user()
#6 C:\xampp\htdocs\app_cafe_mellinda\system\CodeIgniter.php(412): CodeIgniter\CodeIgniter->runController(Object(App\Controllers\Home))
#7 C:\xampp\htdocs\app_cafe_mellinda\system\CodeIgniter.php(320): CodeIgniter\CodeIgniter->handleRequest(NULL, Object(Config\Cache), false)
#8 C:\xampp\htdocs\app_cafe_mellinda\public\index.php(37): CodeIgniter\CodeIgniter->run()
#9 C:\xampp\htdocs\app_cafe_mellinda\system\Commands\Server\rewrite.php(43): require_once('C:\\xampp\\htdocs...')
#10 {main}
CRITICAL - 2022-02-21 07:00:04 --> Undefined variable $data
#0 C:\xampp\htdocs\app_cafe_mellinda\app\Views\user.php(28): CodeIgniter\Debug\Exceptions->errorHandler(2, 'Undefined varia...', 'C:\\xampp\\htdocs...', 28)
#1 C:\xampp\htdocs\app_cafe_mellinda\system\View\View.php(210): include('C:\\xampp\\htdocs...')
#2 C:\xampp\htdocs\app_cafe_mellinda\system\View\View.php(213): CodeIgniter\View\View->CodeIgniter\View\{closure}()
#3 C:\xampp\htdocs\app_cafe_mellinda\system\Common.php(1089): CodeIgniter\View\View->render('user', Array, true)
#4 C:\xampp\htdocs\app_cafe_mellinda\app\Controllers\Home.php(17): view('user')
#5 C:\xampp\htdocs\app_cafe_mellinda\system\CodeIgniter.php(825): App\Controllers\Home->user()
#6 C:\xampp\htdocs\app_cafe_mellinda\system\CodeIgniter.php(412): CodeIgniter\CodeIgniter->runController(Object(App\Controllers\Home))
#7 C:\xampp\htdocs\app_cafe_mellinda\system\CodeIgniter.php(320): CodeIgniter\CodeIgniter->handleRequest(NULL, Object(Config\Cache), false)
#8 C:\xampp\htdocs\app_cafe_mellinda\public\index.php(37): CodeIgniter\CodeIgniter->run()
#9 C:\xampp\htdocs\app_cafe_mellinda\system\Commands\Server\rewrite.php(43): require_once('C:\\xampp\\htdocs...')
#10 {main}
CRITICAL - 2022-02-21 07:00:04 --> Undefined variable $data
#0 C:\xampp\htdocs\app_cafe_mellinda\app\Views\user.php(28): CodeIgniter\Debug\Exceptions->errorHandler(2, 'Undefined varia...', 'C:\\xampp\\htdocs...', 28)
#1 C:\xampp\htdocs\app_cafe_mellinda\system\View\View.php(210): include('C:\\xampp\\htdocs...')
#2 C:\xampp\htdocs\app_cafe_mellinda\system\View\View.php(213): CodeIgniter\View\View->CodeIgniter\View\{closure}()
#3 C:\xampp\htdocs\app_cafe_mellinda\system\Common.php(1089): CodeIgniter\View\View->render('user', Array, true)
#4 C:\xampp\htdocs\app_cafe_mellinda\app\Controllers\Home.php(17): view('user')
#5 C:\xampp\htdocs\app_cafe_mellinda\system\CodeIgniter.php(825): App\Controllers\Home->user()
#6 C:\xampp\htdocs\app_cafe_mellinda\system\CodeIgniter.php(412): CodeIgniter\CodeIgniter->runController(Object(App\Controllers\Home))
#7 C:\xampp\htdocs\app_cafe_mellinda\system\CodeIgniter.php(320): CodeIgniter\CodeIgniter->handleRequest(NULL, Object(Config\Cache), false)
#8 C:\xampp\htdocs\app_cafe_mellinda\public\index.php(37): CodeIgniter\CodeIgniter->run()
#9 C:\xampp\htdocs\app_cafe_mellinda\system\Commands\Server\rewrite.php(43): require_once('C:\\xampp\\htdocs...')
#10 {main}
CRITICAL - 2022-02-21 07:00:06 --> Undefined variable $data
#0 C:\xampp\htdocs\app_cafe_mellinda\app\Views\user.php(28): CodeIgniter\Debug\Exceptions->errorHandler(2, 'Undefined varia...', 'C:\\xampp\\htdocs...', 28)
#1 C:\xampp\htdocs\app_cafe_mellinda\system\View\View.php(210): include('C:\\xampp\\htdocs...')
#2 C:\xampp\htdocs\app_cafe_mellinda\system\View\View.php(213): CodeIgniter\View\View->CodeIgniter\View\{closure}()
#3 C:\xampp\htdocs\app_cafe_mellinda\system\Common.php(1089): CodeIgniter\View\View->render('user', Array, true)
#4 C:\xampp\htdocs\app_cafe_mellinda\app\Controllers\Home.php(17): view('user')
#5 C:\xampp\htdocs\app_cafe_mellinda\system\CodeIgniter.php(825): App\Controllers\Home->user()
#6 C:\xampp\htdocs\app_cafe_mellinda\system\CodeIgniter.php(412): CodeIgniter\CodeIgniter->runController(Object(App\Controllers\Home))
#7 C:\xampp\htdocs\app_cafe_mellinda\system\CodeIgniter.php(320): CodeIgniter\CodeIgniter->handleRequest(NULL, Object(Config\Cache), false)
#8 C:\xampp\htdocs\app_cafe_mellinda\public\index.php(37): CodeIgniter\CodeIgniter->run()
#9 C:\xampp\htdocs\app_cafe_mellinda\system\Commands\Server\rewrite.php(43): require_once('C:\\xampp\\htdocs...')
#10 {main}
CRITICAL - 2022-02-21 07:00:07 --> Undefined variable $data
#0 C:\xampp\htdocs\app_cafe_mellinda\app\Views\user.php(28): CodeIgniter\Debug\Exceptions->errorHandler(2, 'Undefined varia...', 'C:\\xampp\\htdocs...', 28)
#1 C:\xampp\htdocs\app_cafe_mellinda\system\View\View.php(210): include('C:\\xampp\\htdocs...')
#2 C:\xampp\htdocs\app_cafe_mellinda\system\View\View.php(213): CodeIgniter\View\View->CodeIgniter\View\{closure}()
#3 C:\xampp\htdocs\app_cafe_mellinda\system\Common.php(1089): CodeIgniter\View\View->render('user', Array, true)
#4 C:\xampp\htdocs\app_cafe_mellinda\app\Controllers\Home.php(17): view('user')
#5 C:\xampp\htdocs\app_cafe_mellinda\system\CodeIgniter.php(825): App\Controllers\Home->user()
#6 C:\xampp\htdocs\app_cafe_mellinda\system\CodeIgniter.php(412): CodeIgniter\CodeIgniter->runController(Object(App\Controllers\Home))
#7 C:\xampp\htdocs\app_cafe_mellinda\system\CodeIgniter.php(320): CodeIgniter\CodeIgniter->handleRequest(NULL, Object(Config\Cache), false)
#8 C:\xampp\htdocs\app_cafe_mellinda\public\index.php(37): CodeIgniter\CodeIgniter->run()
#9 C:\xampp\htdocs\app_cafe_mellinda\system\Commands\Server\rewrite.php(43): require_once('C:\\xampp\\htdocs...')
#10 {main}
CRITICAL - 2022-02-21 07:00:08 --> Undefined variable $data
#0 C:\xampp\htdocs\app_cafe_mellinda\app\Views\user.php(28): CodeIgniter\Debug\Exceptions->errorHandler(2, 'Undefined varia...', 'C:\\xampp\\htdocs...', 28)
#1 C:\xampp\htdocs\app_cafe_mellinda\system\View\View.php(210): include('C:\\xampp\\htdocs...')
#2 C:\xampp\htdocs\app_cafe_mellinda\system\View\View.php(213): CodeIgniter\View\View->CodeIgniter\View\{closure}()
#3 C:\xampp\htdocs\app_cafe_mellinda\system\Common.php(1089): CodeIgniter\View\View->render('user', Array, true)
#4 C:\xampp\htdocs\app_cafe_mellinda\app\Controllers\Home.php(17): view('user')
#5 C:\xampp\htdocs\app_cafe_mellinda\system\CodeIgniter.php(825): App\Controllers\Home->user()
#6 C:\xampp\htdocs\app_cafe_mellinda\system\CodeIgniter.php(412): CodeIgniter\CodeIgniter->runController(Object(App\Controllers\Home))
#7 C:\xampp\htdocs\app_cafe_mellinda\system\CodeIgniter.php(320): CodeIgniter\CodeIgniter->handleRequest(NULL, Object(Config\Cache), false)
#8 C:\xampp\htdocs\app_cafe_mellinda\public\index.php(37): CodeIgniter\CodeIgniter->run()
#9 C:\xampp\htdocs\app_cafe_mellinda\system\Commands\Server\rewrite.php(43): require_once('C:\\xampp\\htdocs...')
#10 {main}
CRITICAL - 2022-02-21 07:00:09 --> Undefined variable $data
#0 C:\xampp\htdocs\app_cafe_mellinda\app\Views\user.php(28): CodeIgniter\Debug\Exceptions->errorHandler(2, 'Undefined varia...', 'C:\\xampp\\htdocs...', 28)
#1 C:\xampp\htdocs\app_cafe_mellinda\system\View\View.php(210): include('C:\\xampp\\htdocs...')
#2 C:\xampp\htdocs\app_cafe_mellinda\system\View\View.php(213): CodeIgniter\View\View->CodeIgniter\View\{closure}()
#3 C:\xampp\htdocs\app_cafe_mellinda\system\Common.php(1089): CodeIgniter\View\View->render('user', Array, true)
#4 C:\xampp\htdocs\app_cafe_mellinda\app\Controllers\Home.php(17): view('user')
#5 C:\xampp\htdocs\app_cafe_mellinda\system\CodeIgniter.php(825): App\Controllers\Home->user()
#6 C:\xampp\htdocs\app_cafe_mellinda\system\CodeIgniter.php(412): CodeIgniter\CodeIgniter->runController(Object(App\Controllers\Home))
#7 C:\xampp\htdocs\app_cafe_mellinda\system\CodeIgniter.php(320): CodeIgniter\CodeIgniter->handleRequest(NULL, Object(Config\Cache), false)
#8 C:\xampp\htdocs\app_cafe_mellinda\public\index.php(37): CodeIgniter\CodeIgniter->run()
#9 C:\xampp\htdocs\app_cafe_mellinda\system\Commands\Server\rewrite.php(43): require_once('C:\\xampp\\htdocs...')
#10 {main}
CRITICAL - 2022-02-21 07:00:09 --> Undefined variable $data
#0 C:\xampp\htdocs\app_cafe_mellinda\app\Views\user.php(28): CodeIgniter\Debug\Exceptions->errorHandler(2, 'Undefined varia...', 'C:\\xampp\\htdocs...', 28)
#1 C:\xampp\htdocs\app_cafe_mellinda\system\View\View.php(210): include('C:\\xampp\\htdocs...')
#2 C:\xampp\htdocs\app_cafe_mellinda\system\View\View.php(213): CodeIgniter\View\View->CodeIgniter\View\{closure}()
#3 C:\xampp\htdocs\app_cafe_mellinda\system\Common.php(1089): CodeIgniter\View\View->render('user', Array, true)
#4 C:\xampp\htdocs\app_cafe_mellinda\app\Controllers\Home.php(17): view('user')
#5 C:\xampp\htdocs\app_cafe_mellinda\system\CodeIgniter.php(825): App\Controllers\Home->user()
#6 C:\xampp\htdocs\app_cafe_mellinda\system\CodeIgniter.php(412): CodeIgniter\CodeIgniter->runController(Object(App\Controllers\Home))
#7 C:\xampp\htdocs\app_cafe_mellinda\system\CodeIgniter.php(320): CodeIgniter\CodeIgniter->handleRequest(NULL, Object(Config\Cache), false)
#8 C:\xampp\htdocs\app_cafe_mellinda\public\index.php(37): CodeIgniter\CodeIgniter->run()
#9 C:\xampp\htdocs\app_cafe_mellinda\system\Commands\Server\rewrite.php(43): require_once('C:\\xampp\\htdocs...')
#10 {main}
CRITICAL - 2022-02-21 07:02:57 --> Undefined variable $data
#0 C:\xampp\htdocs\app_cafe_mellinda\app\Views\user.php(28): CodeIgniter\Debug\Exceptions->errorHandler(2, 'Undefined varia...', 'C:\\xampp\\htdocs...', 28)
#1 C:\xampp\htdocs\app_cafe_mellinda\system\View\View.php(210): include('C:\\xampp\\htdocs...')
#2 C:\xampp\htdocs\app_cafe_mellinda\system\View\View.php(213): CodeIgniter\View\View->CodeIgniter\View\{closure}()
#3 C:\xampp\htdocs\app_cafe_mellinda\system\Common.php(1089): CodeIgniter\View\View->render('user', Array, true)
#4 C:\xampp\htdocs\app_cafe_mellinda\app\Controllers\Home.php(17): view('user')
#5 C:\xampp\htdocs\app_cafe_mellinda\system\CodeIgniter.php(825): App\Controllers\Home->user()
#6 C:\xampp\htdocs\app_cafe_mellinda\system\CodeIgniter.php(412): CodeIgniter\CodeIgniter->runController(Object(App\Controllers\Home))
#7 C:\xampp\htdocs\app_cafe_mellinda\system\CodeIgniter.php(320): CodeIgniter\CodeIgniter->handleRequest(NULL, Object(Config\Cache), false)
#8 C:\xampp\htdocs\app_cafe_mellinda\public\index.php(37): CodeIgniter\CodeIgniter->run()
#9 C:\xampp\htdocs\app_cafe_mellinda\system\Commands\Server\rewrite.php(43): require_once('C:\\xampp\\htdocs...')
#10 {main}
CRITICAL - 2022-02-21 08:02:44 --> Undefined variable $data
#0 C:\xampp\htdocs\app_cafe_mellinda\app\Views\user.php(28): CodeIgniter\Debug\Exceptions->errorHandler(2, 'Undefined varia...', 'C:\\xampp\\htdocs...', 28)
#1 C:\xampp\htdocs\app_cafe_mellinda\system\View\View.php(210): include('C:\\xampp\\htdocs...')
#2 C:\xampp\htdocs\app_cafe_mellinda\system\View\View.php(213): CodeIgniter\View\View->CodeIgniter\View\{closure}()
#3 C:\xampp\htdocs\app_cafe_mellinda\system\Common.php(1089): CodeIgniter\View\View->render('user', Array, true)
#4 C:\xampp\htdocs\app_cafe_mellinda\app\Controllers\Home.php(17): view('user')
#5 C:\xampp\htdocs\app_cafe_mellinda\system\CodeIgniter.php(825): App\Controllers\Home->user()
#6 C:\xampp\htdocs\app_cafe_mellinda\system\CodeIgniter.php(412): CodeIgniter\CodeIgniter->runController(Object(App\Controllers\Home))
#7 C:\xampp\htdocs\app_cafe_mellinda\system\CodeIgniter.php(320): CodeIgniter\CodeIgniter->handleRequest(NULL, Object(Config\Cache), false)
#8 C:\xampp\htdocs\app_cafe_mellinda\public\index.php(37): CodeIgniter\CodeIgniter->run()
#9 C:\xampp\htdocs\app_cafe_mellinda\system\Commands\Server\rewrite.php(43): require_once('C:\\xampp\\htdocs...')
#10 {main}
CRITICAL - 2022-02-21 08:04:05 --> Undefined variable $data
#0 C:\xampp\htdocs\app_cafe_mellinda\app\Views\user.php(28): CodeIgniter\Debug\Exceptions->errorHandler(2, 'Undefined varia...', 'C:\\xampp\\htdocs...', 28)
#1 C:\xampp\htdocs\app_cafe_mellinda\system\View\View.php(210): include('C:\\xampp\\htdocs...')
#2 C:\xampp\htdocs\app_cafe_mellinda\system\View\View.php(213): CodeIgniter\View\View->CodeIgniter\View\{closure}()
#3 C:\xampp\htdocs\app_cafe_mellinda\system\Common.php(1089): CodeIgniter\View\View->render('user', Array, true)
#4 C:\xampp\htdocs\app_cafe_mellinda\app\Controllers\Home.php(17): view('user')
#5 C:\xampp\htdocs\app_cafe_mellinda\system\CodeIgniter.php(825): App\Controllers\Home->user()
#6 C:\xampp\htdocs\app_cafe_mellinda\system\CodeIgniter.php(412): CodeIgniter\CodeIgniter->runController(Object(App\Controllers\Home))
#7 C:\xampp\htdocs\app_cafe_mellinda\system\CodeIgniter.php(320): CodeIgniter\CodeIgniter->handleRequest(NULL, Object(Config\Cache), false)
#8 C:\xampp\htdocs\app_cafe_mellinda\public\index.php(37): CodeIgniter\CodeIgniter->run()
#9 C:\xampp\htdocs\app_cafe_mellinda\system\Commands\Server\rewrite.php(43): require_once('C:\\xampp\\htdocs...')
#10 {main}
CRITICAL - 2022-02-21 08:08:15 --> Undefined variable $data
#0 C:\xampp\htdocs\app_cafe_mellinda\app\Views\user.php(28): CodeIgniter\Debug\Exceptions->errorHandler(2, 'Undefined varia...', 'C:\\xampp\\htdocs...', 28)
#1 C:\xampp\htdocs\app_cafe_mellinda\system\View\View.php(210): include('C:\\xampp\\htdocs...')
#2 C:\xampp\htdocs\app_cafe_mellinda\system\View\View.php(213): CodeIgniter\View\View->CodeIgniter\View\{closure}()
#3 C:\xampp\htdocs\app_cafe_mellinda\system\Common.php(1089): CodeIgniter\View\View->render('user', Array, true)
#4 C:\xampp\htdocs\app_cafe_mellinda\app\Controllers\Home.php(17): view('user')
#5 C:\xampp\htdocs\app_cafe_mellinda\system\CodeIgniter.php(825): App\Controllers\Home->user()
#6 C:\xampp\htdocs\app_cafe_mellinda\system\CodeIgniter.php(412): CodeIgniter\CodeIgniter->runController(Object(App\Controllers\Home))
#7 C:\xampp\htdocs\app_cafe_mellinda\system\CodeIgniter.php(320): CodeIgniter\CodeIgniter->handleRequest(NULL, Object(Config\Cache), false)
#8 C:\xampp\htdocs\app_cafe_mellinda\public\index.php(37): CodeIgniter\CodeIgniter->run()
#9 C:\xampp\htdocs\app_cafe_mellinda\system\Commands\Server\rewrite.php(43): require_once('C:\\xampp\\htdocs...')
#10 {main}
CRITICAL - 2022-02-21 08:10:03 --> Undefined variable $data
#0 C:\xampp\htdocs\app_cafe_mellinda\app\Views\user.php(28): CodeIgniter\Debug\Exceptions->errorHandler(2, 'Undefined varia...', 'C:\\xampp\\htdocs...', 28)
#1 C:\xampp\htdocs\app_cafe_mellinda\system\View\View.php(210): include('C:\\xampp\\htdocs...')
#2 C:\xampp\htdocs\app_cafe_mellinda\system\View\View.php(213): CodeIgniter\View\View->CodeIgniter\View\{closure}()
#3 C:\xampp\htdocs\app_cafe_mellinda\system\Common.php(1089): CodeIgniter\View\View->render('user', Array, true)
#4 C:\xampp\htdocs\app_cafe_mellinda\app\Controllers\Home.php(17): view('user')
#5 C:\xampp\htdocs\app_cafe_mellinda\system\CodeIgniter.php(825): App\Controllers\Home->user()
#6 C:\xampp\htdocs\app_cafe_mellinda\system\CodeIgniter.php(412): CodeIgniter\CodeIgniter->runController(Object(App\Controllers\Home))
#7 C:\xampp\htdocs\app_cafe_mellinda\system\CodeIgniter.php(320): CodeIgniter\CodeIgniter->handleRequest(NULL, Object(Config\Cache), false)
#8 C:\xampp\htdocs\app_cafe_mellinda\public\index.php(37): CodeIgniter\CodeIgniter->run()
#9 C:\xampp\htdocs\app_cafe_mellinda\system\Commands\Server\rewrite.php(43): require_once('C:\\xampp\\htdocs...')
#10 {main}
CRITICAL - 2022-02-21 08:11:13 --> Undefined variable $data
#0 C:\xampp\htdocs\app_cafe_mellinda\app\Views\user.php(28): CodeIgniter\Debug\Exceptions->errorHandler(2, 'Undefined varia...', 'C:\\xampp\\htdocs...', 28)
#1 C:\xampp\htdocs\app_cafe_mellinda\system\View\View.php(210): include('C:\\xampp\\htdocs...')
#2 C:\xampp\htdocs\app_cafe_mellinda\system\View\View.php(213): CodeIgniter\View\View->CodeIgniter\View\{closure}()
#3 C:\xampp\htdocs\app_cafe_mellinda\system\Common.php(1089): CodeIgniter\View\View->render('user', Array, true)
#4 C:\xampp\htdocs\app_cafe_mellinda\app\Controllers\Home.php(17): view('user')
#5 C:\xampp\htdocs\app_cafe_mellinda\system\CodeIgniter.php(825): App\Controllers\Home->user()
#6 C:\xampp\htdocs\app_cafe_mellinda\system\CodeIgniter.php(412): CodeIgniter\CodeIgniter->runController(Object(App\Controllers\Home))
#7 C:\xampp\htdocs\app_cafe_mellinda\system\CodeIgniter.php(320): CodeIgniter\CodeIgniter->handleRequest(NULL, Object(Config\Cache), false)
#8 C:\xampp\htdocs\app_cafe_mellinda\public\index.php(37): CodeIgniter\CodeIgniter->run()
#9 C:\xampp\htdocs\app_cafe_mellinda\system\Commands\Server\rewrite.php(43): require_once('C:\\xampp\\htdocs...')
#10 {main}
CRITICAL - 2022-02-21 08:12:05 --> Undefined variable $data
#0 C:\xampp\htdocs\app_cafe_mellinda\app\Views\user.php(28): CodeIgniter\Debug\Exceptions->errorHandler(2, 'Undefined varia...', 'C:\\xampp\\htdocs...', 28)
#1 C:\xampp\htdocs\app_cafe_mellinda\system\View\View.php(210): include('C:\\xampp\\htdocs...')
#2 C:\xampp\htdocs\app_cafe_mellinda\system\View\View.php(213): CodeIgniter\View\View->CodeIgniter\View\{closure}()
#3 C:\xampp\htdocs\app_cafe_mellinda\system\Common.php(1089): CodeIgniter\View\View->render('user', Array, true)
#4 C:\xampp\htdocs\app_cafe_mellinda\app\Controllers\Home.php(17): view('user')
#5 C:\xampp\htdocs\app_cafe_mellinda\system\CodeIgniter.php(825): App\Controllers\Home->user()
#6 C:\xampp\htdocs\app_cafe_mellinda\system\CodeIgniter.php(412): CodeIgniter\CodeIgniter->runController(Object(App\Controllers\Home))
#7 C:\xampp\htdocs\app_cafe_mellinda\system\CodeIgniter.php(320): CodeIgniter\CodeIgniter->handleRequest(NULL, Object(Config\Cache), false)
#8 C:\xampp\htdocs\app_cafe_mellinda\public\index.php(37): CodeIgniter\CodeIgniter->run()
#9 C:\xampp\htdocs\app_cafe_mellinda\system\Commands\Server\rewrite.php(43): require_once('C:\\xampp\\htdocs...')
#10 {main}
CRITICAL - 2022-02-21 08:13:53 --> Undefined variable $data
#0 C:\xampp\htdocs\app_cafe_mellinda\app\Views\user.php(28): CodeIgniter\Debug\Exceptions->errorHandler(2, 'Undefined varia...', 'C:\\xampp\\htdocs...', 28)
#1 C:\xampp\htdocs\app_cafe_mellinda\system\View\View.php(210): include('C:\\xampp\\htdocs...')
#2 C:\xampp\htdocs\app_cafe_mellinda\system\View\View.php(213): CodeIgniter\View\View->CodeIgniter\View\{closure}()
#3 C:\xampp\htdocs\app_cafe_mellinda\system\Common.php(1089): CodeIgniter\View\View->render('user', Array, true)
#4 C:\xampp\htdocs\app_cafe_mellinda\app\Controllers\Home.php(17): view('user')
#5 C:\xampp\htdocs\app_cafe_mellinda\system\CodeIgniter.php(825): App\Controllers\Home->user()
#6 C:\xampp\htdocs\app_cafe_mellinda\system\CodeIgniter.php(412): CodeIgniter\CodeIgniter->runController(Object(App\Controllers\Home))
#7 C:\xampp\htdocs\app_cafe_mellinda\system\CodeIgniter.php(320): CodeIgniter\CodeIgniter->handleRequest(NULL, Object(Config\Cache), false)
#8 C:\xampp\htdocs\app_cafe_mellinda\public\index.php(37): CodeIgniter\CodeIgniter->run()
#9 C:\xampp\htdocs\app_cafe_mellinda\system\Commands\Server\rewrite.php(43): require_once('C:\\xampp\\htdocs...')
#10 {main}
CRITICAL - 2022-02-21 08:15:02 --> Undefined variable $data
#0 C:\xampp\htdocs\app_cafe_mellinda\app\Views\user.php(28): CodeIgniter\Debug\Exceptions->errorHandler(2, 'Undefined varia...', 'C:\\xampp\\htdocs...', 28)
#1 C:\xampp\htdocs\app_cafe_mellinda\system\View\View.php(210): include('C:\\xampp\\htdocs...')
#2 C:\xampp\htdocs\app_cafe_mellinda\system\View\View.php(213): CodeIgniter\View\View->CodeIgniter\View\{closure}()
#3 C:\xampp\htdocs\app_cafe_mellinda\system\Common.php(1089): CodeIgniter\View\View->render('user', Array, true)
#4 C:\xampp\htdocs\app_cafe_mellinda\app\Controllers\Home.php(17): view('user')
#5 C:\xampp\htdocs\app_cafe_mellinda\system\CodeIgniter.php(825): App\Controllers\Home->user()
#6 C:\xampp\htdocs\app_cafe_mellinda\system\CodeIgniter.php(412): CodeIgniter\CodeIgniter->runController(Object(App\Controllers\Home))
#7 C:\xampp\htdocs\app_cafe_mellinda\system\CodeIgniter.php(320): CodeIgniter\CodeIgniter->handleRequest(NULL, Object(Config\Cache), false)
#8 C:\xampp\htdocs\app_cafe_mellinda\public\index.php(37): CodeIgniter\CodeIgniter->run()
#9 C:\xampp\htdocs\app_cafe_mellinda\system\Commands\Server\rewrite.php(43): require_once('C:\\xampp\\htdocs...')
#10 {main}
CRITICAL - 2022-02-21 08:15:16 --> Undefined variable $data
#0 C:\xampp\htdocs\app_cafe_mellinda\app\Views\user.php(28): CodeIgniter\Debug\Exceptions->errorHandler(2, 'Undefined varia...', 'C:\\xampp\\htdocs...', 28)
#1 C:\xampp\htdocs\app_cafe_mellinda\system\View\View.php(210): include('C:\\xampp\\htdocs...')
#2 C:\xampp\htdocs\app_cafe_mellinda\system\View\View.php(213): CodeIgniter\View\View->CodeIgniter\View\{closure}()
#3 C:\xampp\htdocs\app_cafe_mellinda\system\Common.php(1089): CodeIgniter\View\View->render('user', Array, true)
#4 C:\xampp\htdocs\app_cafe_mellinda\app\Controllers\Home.php(17): view('user')
#5 C:\xampp\htdocs\app_cafe_mellinda\system\CodeIgniter.php(825): App\Controllers\Home->user()
#6 C:\xampp\htdocs\app_cafe_mellinda\system\CodeIgniter.php(412): CodeIgniter\CodeIgniter->runController(Object(App\Controllers\Home))
#7 C:\xampp\htdocs\app_cafe_mellinda\system\CodeIgniter.php(320): CodeIgniter\CodeIgniter->handleRequest(NULL, Object(Config\Cache), false)
#8 C:\xampp\htdocs\app_cafe_mellinda\public\index.php(37): CodeIgniter\CodeIgniter->run()
#9 C:\xampp\htdocs\app_cafe_mellinda\system\Commands\Server\rewrite.php(43): require_once('C:\\xampp\\htdocs...')
#10 {main}
CRITICAL - 2022-02-21 08:16:07 --> Undefined variable $data
#0 C:\xampp\htdocs\app_cafe_mellinda\app\Views\user.php(28): CodeIgniter\Debug\Exceptions->errorHandler(2, 'Undefined varia...', 'C:\\xampp\\htdocs...', 28)
#1 C:\xampp\htdocs\app_cafe_mellinda\system\View\View.php(210): include('C:\\xampp\\htdocs...')
#2 C:\xampp\htdocs\app_cafe_mellinda\system\View\View.php(213): CodeIgniter\View\View->CodeIgniter\View\{closure}()
#3 C:\xampp\htdocs\app_cafe_mellinda\system\Common.php(1089): CodeIgniter\View\View->render('user', Array, true)
#4 C:\xampp\htdocs\app_cafe_mellinda\app\Controllers\Home.php(17): view('user')
#5 C:\xampp\htdocs\app_cafe_mellinda\system\CodeIgniter.php(825): App\Controllers\Home->user()
#6 C:\xampp\htdocs\app_cafe_mellinda\system\CodeIgniter.php(412): CodeIgniter\CodeIgniter->runController(Object(App\Controllers\Home))
#7 C:\xampp\htdocs\app_cafe_mellinda\system\CodeIgniter.php(320): CodeIgniter\CodeIgniter->handleRequest(NULL, Object(Config\Cache), false)
#8 C:\xampp\htdocs\app_cafe_mellinda\public\index.php(37): CodeIgniter\CodeIgniter->run()
#9 C:\xampp\htdocs\app_cafe_mellinda\system\Commands\Server\rewrite.php(43): require_once('C:\\xampp\\htdocs...')
#10 {main}
CRITICAL - 2022-02-21 08:17:15 --> Class "App\Models\PesanModel" not found
#0 C:\xampp\htdocs\app_cafe_mellinda\system\CodeIgniter.php(802): App\Controllers\PesanController->__construct()
#1 C:\xampp\htdocs\app_cafe_mellinda\system\CodeIgniter.php(403): CodeIgniter\CodeIgniter->createController()
#2 C:\xampp\htdocs\app_cafe_mellinda\system\CodeIgniter.php(320): CodeIgniter\CodeIgniter->handleRequest(NULL, Object(Config\Cache), false)
#3 C:\xampp\htdocs\app_cafe_mellinda\public\index.php(37): CodeIgniter\CodeIgniter->run()
#4 C:\xampp\htdocs\app_cafe_mellinda\system\Commands\Server\rewrite.php(43): require_once('C:\\xampp\\htdocs...')
#5 {main}
CRITICAL - 2022-02-21 08:17:28 --> Class "App\Models\PesanModel" not found
#0 C:\xampp\htdocs\app_cafe_mellinda\system\CodeIgniter.php(802): App\Controllers\PesanController->__construct()
#1 C:\xampp\htdocs\app_cafe_mellinda\system\CodeIgniter.php(403): CodeIgniter\CodeIgniter->createController()
#2 C:\xampp\htdocs\app_cafe_mellinda\system\CodeIgniter.php(320): CodeIgniter\CodeIgniter->handleRequest(NULL, Object(Config\Cache), false)
#3 C:\xampp\htdocs\app_cafe_mellinda\public\index.php(37): CodeIgniter\CodeIgniter->run()
#4 C:\xampp\htdocs\app_cafe_mellinda\system\Commands\Server\rewrite.php(43): require_once('C:\\xampp\\htdocs...')
#5 {main}
CRITICAL - 2022-02-21 08:17:38 --> Class "App\Models\PesanModel" not found
#0 C:\xampp\htdocs\app_cafe_mellinda\system\CodeIgniter.php(802): App\Controllers\PesanController->__construct()
#1 C:\xampp\htdocs\app_cafe_mellinda\system\CodeIgniter.php(403): CodeIgniter\CodeIgniter->createController()
#2 C:\xampp\htdocs\app_cafe_mellinda\system\CodeIgniter.php(320): CodeIgniter\CodeIgniter->handleRequest(NULL, Object(Config\Cache), false)
#3 C:\xampp\htdocs\app_cafe_mellinda\public\index.php(37): CodeIgniter\CodeIgniter->run()
#4 C:\xampp\htdocs\app_cafe_mellinda\system\Commands\Server\rewrite.php(43): require_once('C:\\xampp\\htdocs...')
#5 {main}
CRITICAL - 2022-02-21 08:19:45 --> Class "App\Models\PesanModel" not found
#0 C:\xampp\htdocs\app_cafe_mellinda\system\CodeIgniter.php(802): App\Controllers\PesanController->__construct()
#1 C:\xampp\htdocs\app_cafe_mellinda\system\CodeIgniter.php(403): CodeIgniter\CodeIgniter->createController()
#2 C:\xampp\htdocs\app_cafe_mellinda\system\CodeIgniter.php(320): CodeIgniter\CodeIgniter->handleRequest(NULL, Object(Config\Cache), false)
#3 C:\xampp\htdocs\app_cafe_mellinda\public\index.php(37): CodeIgniter\CodeIgniter->run()
#4 C:\xampp\htdocs\app_cafe_mellinda\system\Commands\Server\rewrite.php(43): require_once('C:\\xampp\\htdocs...')
#5 {main}
CRITICAL - 2022-02-21 08:19:46 --> Class "App\Models\PesanModel" not found
#0 C:\xampp\htdocs\app_cafe_mellinda\system\CodeIgniter.php(802): App\Controllers\PesanController->__construct()
#1 C:\xampp\htdocs\app_cafe_mellinda\system\CodeIgniter.php(403): CodeIgniter\CodeIgniter->createController()
#2 C:\xampp\htdocs\app_cafe_mellinda\system\CodeIgniter.php(320): CodeIgniter\CodeIgniter->handleRequest(NULL, Object(Config\Cache), false)
#3 C:\xampp\htdocs\app_cafe_mellinda\public\index.php(37): CodeIgniter\CodeIgniter->run()
#4 C:\xampp\htdocs\app_cafe_mellinda\system\Commands\Server\rewrite.php(43): require_once('C:\\xampp\\htdocs...')
#5 {main}
CRITICAL - 2022-02-21 08:20:22 --> Class "App\Models\DetailPesanModel" not found
#0 C:\xampp\htdocs\app_cafe_mellinda\system\CodeIgniter.php(802): App\Controllers\PesanController->__construct()
#1 C:\xampp\htdocs\app_cafe_mellinda\system\CodeIgniter.php(403): CodeIgniter\CodeIgniter->createController()
#2 C:\xampp\htdocs\app_cafe_mellinda\system\CodeIgniter.php(320): CodeIgniter\CodeIgniter->handleRequest(NULL, Object(Config\Cache), false)
#3 C:\xampp\htdocs\app_cafe_mellinda\public\index.php(37): CodeIgniter\CodeIgniter->run()
#4 C:\xampp\htdocs\app_cafe_mellinda\system\Commands\Server\rewrite.php(43): require_once('C:\\xampp\\htdocs...')
#5 {main}
CRITICAL - 2022-02-21 08:20:23 --> Class "App\Models\DetailPesanModel" not found
#0 C:\xampp\htdocs\app_cafe_mellinda\system\CodeIgniter.php(802): App\Controllers\PesanController->__construct()
#1 C:\xampp\htdocs\app_cafe_mellinda\system\CodeIgniter.php(403): CodeIgniter\CodeIgniter->createController()
#2 C:\xampp\htdocs\app_cafe_mellinda\system\CodeIgniter.php(320): CodeIgniter\CodeIgniter->handleRequest(NULL, Object(Config\Cache), false)
#3 C:\xampp\htdocs\app_cafe_mellinda\public\index.php(37): CodeIgniter\CodeIgniter->run()
#4 C:\xampp\htdocs\app_cafe_mellinda\system\Commands\Server\rewrite.php(43): require_once('C:\\xampp\\htdocs...')
#5 {main}
ERROR - 2022-02-21 08:49:52 --> Unknown column 'jenis_kelamin' in 'field list'
CRITICAL - 2022-02-21 08:49:52 --> Unknown column 'jenis_kelamin' in 'field list'
#0 C:\xampp\htdocs\app_cafe_mellinda\system\Database\MySQLi\Connection.php(292): mysqli->query('INSERT INTO `us...', 0)
#1 C:\xampp\htdocs\app_cafe_mellinda\system\Database\BaseConnection.php(670): CodeIgniter\Database\MySQLi\Connection->execute('INSERT INTO `us...')
#2 C:\xampp\htdocs\app_cafe_mellinda\system\Database\BaseConnection.php(598): CodeIgniter\Database\BaseConnection->simpleQuery('INSERT INTO `us...')
#3 C:\xampp\htdocs\app_cafe_mellinda\system\Database\BaseBuilder.php(1771): CodeIgniter\Database\BaseConnection->query('INSERT INTO `us...', Array, false)
#4 C:\xampp\htdocs\app_cafe_mellinda\system\Model.php(239): CodeIgniter\Database\BaseBuilder->insert()
#5 C:\xampp\htdocs\app_cafe_mellinda\system\BaseModel.php(738): CodeIgniter\Model->doInsert(Array)
#6 C:\xampp\htdocs\app_cafe_mellinda\system\Model.php(625): CodeIgniter\BaseModel->insert(Array, true)
#7 C:\xampp\htdocs\app_cafe_mellinda\app\Controllers\UserController.php(36): CodeIgniter\Model->insert(Array)
#8 C:\xampp\htdocs\app_cafe_mellinda\system\CodeIgniter.php(825): App\Controllers\UserController->create()
#9 C:\xampp\htdocs\app_cafe_mellinda\system\CodeIgniter.php(412): CodeIgniter\CodeIgniter->runController(Object(App\Controllers\UserController))
#10 C:\xampp\htdocs\app_cafe_mellinda\system\CodeIgniter.php(320): CodeIgniter\CodeIgniter->handleRequest(NULL, Object(Config\Cache), false)
#11 C:\xampp\htdocs\app_cafe_mellinda\public\index.php(37): CodeIgniter\CodeIgniter->run()
#12 C:\xampp\htdocs\app_cafe_mellinda\system\Commands\Server\rewrite.php(43): require_once('C:\\xampp\\htdocs...')
#13 {main}
ERROR - 2022-02-21 08:50:18 --> Unknown column 'jenis_kelamin' in 'field list'
CRITICAL - 2022-02-21 08:50:18 --> Unknown column 'jenis_kelamin' in 'field list'
#0 C:\xampp\htdocs\app_cafe_mellinda\system\Database\MySQLi\Connection.php(292): mysqli->query('INSERT INTO `us...', 0)
#1 C:\xampp\htdocs\app_cafe_mellinda\system\Database\BaseConnection.php(670): CodeIgniter\Database\MySQLi\Connection->execute('INSERT INTO `us...')
#2 C:\xampp\htdocs\app_cafe_mellinda\system\Database\BaseConnection.php(598): CodeIgniter\Database\BaseConnection->simpleQuery('INSERT INTO `us...')
#3 C:\xampp\htdocs\app_cafe_mellinda\system\Database\BaseBuilder.php(1771): CodeIgniter\Database\BaseConnection->query('INSERT INTO `us...', Array, false)
#4 C:\xampp\htdocs\app_cafe_mellinda\system\Model.php(239): CodeIgniter\Database\BaseBuilder->insert()
#5 C:\xampp\htdocs\app_cafe_mellinda\system\BaseModel.php(738): CodeIgniter\Model->doInsert(Array)
#6 C:\xampp\htdocs\app_cafe_mellinda\system\Model.php(625): CodeIgniter\BaseModel->insert(Array, true)
#7 C:\xampp\htdocs\app_cafe_mellinda\app\Controllers\UserController.php(36): CodeIgniter\Model->insert(Array)
#8 C:\xampp\htdocs\app_cafe_mellinda\system\CodeIgniter.php(825): App\Controllers\UserController->create()
#9 C:\xampp\htdocs\app_cafe_mellinda\system\CodeIgniter.php(412): CodeIgniter\CodeIgniter->runController(Object(App\Controllers\UserController))
#10 C:\xampp\htdocs\app_cafe_mellinda\system\CodeIgniter.php(320): CodeIgniter\CodeIgniter->handleRequest(NULL, Object(Config\Cache), false)
#11 C:\xampp\htdocs\app_cafe_mellinda\public\index.php(37): CodeIgniter\CodeIgniter->run()
#12 C:\xampp\htdocs\app_cafe_mellinda\system\Commands\Server\rewrite.php(43): require_once('C:\\xampp\\htdocs...')
#13 {main}
CRITICAL - 2022-02-21 09:04:55 -->  route cannot be found while reverse-routing.
#0 C:\xampp\htdocs\app_cafe_mellinda\system\HTTP\RedirectResponse.php(56): CodeIgniter\HTTP\Exceptions\HTTPException::forInvalidRedirectRoute('')
#1 C:\xampp\htdocs\app_cafe_mellinda\system\Common.php(832): CodeIgniter\HTTP\RedirectResponse->route(false)
#2 C:\xampp\htdocs\app_cafe_mellinda\app\Controllers\UserController.php(90): redirect('/login')
#3 C:\xampp\htdocs\app_cafe_mellinda\system\CodeIgniter.php(825): App\Controllers\UserController->logout()
#4 C:\xampp\htdocs\app_cafe_mellinda\system\CodeIgniter.php(412): CodeIgniter\CodeIgniter->runController(Object(App\Controllers\UserController))
#5 C:\xampp\htdocs\app_cafe_mellinda\system\CodeIgniter.php(320): CodeIgniter\CodeIgniter->handleRequest(NULL, Object(Config\Cache), false)
#6 C:\xampp\htdocs\app_cafe_mellinda\public\index.php(37): CodeIgniter\CodeIgniter->run()
#7 C:\xampp\htdocs\app_cafe_mellinda\system\Commands\Server\rewrite.php(43): require_once('C:\\xampp\\htdocs...')
#8 {main}
CRITICAL - 2022-02-21 09:05:22 -->  route cannot be found while reverse-routing.
#0 C:\xampp\htdocs\app_cafe_mellinda\system\HTTP\RedirectResponse.php(56): CodeIgniter\HTTP\Exceptions\HTTPException::forInvalidRedirectRoute('')
#1 C:\xampp\htdocs\app_cafe_mellinda\system\Common.php(832): CodeIgniter\HTTP\RedirectResponse->route(false)
#2 C:\xampp\htdocs\app_cafe_mellinda\app\Controllers\UserController.php(90): redirect('/login')
#3 C:\xampp\htdocs\app_cafe_mellinda\system\CodeIgniter.php(825): App\Controllers\UserController->logout()
#4 C:\xampp\htdocs\app_cafe_mellinda\system\CodeIgniter.php(412): CodeIgniter\CodeIgniter->runController(Object(App\Controllers\UserController))
#5 C:\xampp\htdocs\app_cafe_mellinda\system\CodeIgniter.php(320): CodeIgniter\CodeIgniter->handleRequest(NULL, Object(Config\Cache), false)
#6 C:\xampp\htdocs\app_cafe_mellinda\public\index.php(37): CodeIgniter\CodeIgniter->run()
#7 C:\xampp\htdocs\app_cafe_mellinda\system\Commands\Server\rewrite.php(43): require_once('C:\\xampp\\htdocs...')
#8 {main}
CRITICAL - 2022-02-21 09:05:23 -->  route cannot be found while reverse-routing.
#0 C:\xampp\htdocs\app_cafe_mellinda\system\HTTP\RedirectResponse.php(56): CodeIgniter\HTTP\Exceptions\HTTPException::forInvalidRedirectRoute('')
#1 C:\xampp\htdocs\app_cafe_mellinda\system\Common.php(832): CodeIgniter\HTTP\RedirectResponse->route(false)
#2 C:\xampp\htdocs\app_cafe_mellinda\app\Controllers\UserController.php(90): redirect('/login')
#3 C:\xampp\htdocs\app_cafe_mellinda\system\CodeIgniter.php(825): App\Controllers\UserController->logout()
#4 C:\xampp\htdocs\app_cafe_mellinda\system\CodeIgniter.php(412): CodeIgniter\CodeIgniter->runController(Object(App\Controllers\UserController))
#5 C:\xampp\htdocs\app_cafe_mellinda\system\CodeIgniter.php(320): CodeIgniter\CodeIgniter->handleRequest(NULL, Object(Config\Cache), false)
#6 C:\xampp\htdocs\app_cafe_mellinda\public\index.php(37): CodeIgniter\CodeIgniter->run()
#7 C:\xampp\htdocs\app_cafe_mellinda\system\Commands\Server\rewrite.php(43): require_once('C:\\xampp\\htdocs...')
#8 {main}
CRITICAL - 2022-02-21 09:06:14 -->  route cannot be found while reverse-routing.
#0 C:\xampp\htdocs\app_cafe_mellinda\system\HTTP\RedirectResponse.php(56): CodeIgniter\HTTP\Exceptions\HTTPException::forInvalidRedirectRoute('')
#1 C:\xampp\htdocs\app_cafe_mellinda\system\Common.php(832): CodeIgniter\HTTP\RedirectResponse->route(false)
#2 C:\xampp\htdocs\app_cafe_mellinda\app\Controllers\UserController.php(90): redirect('/login')
#3 C:\xampp\htdocs\app_cafe_mellinda\system\CodeIgniter.php(825): App\Controllers\UserController->logout()
#4 C:\xampp\htdocs\app_cafe_mellinda\system\CodeIgniter.php(412): CodeIgniter\CodeIgniter->runController(Object(App\Controllers\UserController))
#5 C:\xampp\htdocs\app_cafe_mellinda\system\CodeIgniter.php(320): CodeIgniter\CodeIgniter->handleRequest(NULL, Object(Config\Cache), false)
#6 C:\xampp\htdocs\app_cafe_mellinda\public\index.php(37): CodeIgniter\CodeIgniter->run()
#7 C:\xampp\htdocs\app_cafe_mellinda\system\Commands\Server\rewrite.php(43): require_once('C:\\xampp\\htdocs...')
#8 {main}
CRITICAL - 2022-02-21 09:09:04 -->  route cannot be found while reverse-routing.
#0 C:\xampp\htdocs\app_cafe_mellinda\system\HTTP\RedirectResponse.php(56): CodeIgniter\HTTP\Exceptions\HTTPException::forInvalidRedirectRoute('')
#1 C:\xampp\htdocs\app_cafe_mellinda\system\Common.php(832): CodeIgniter\HTTP\RedirectResponse->route(false)
#2 C:\xampp\htdocs\app_cafe_mellinda\app\Controllers\UserController.php(90): redirect('/login')
#3 C:\xampp\htdocs\app_cafe_mellinda\system\CodeIgniter.php(825): App\Controllers\UserController->logout()
#4 C:\xampp\htdocs\app_cafe_mellinda\system\CodeIgniter.php(412): CodeIgniter\CodeIgniter->runController(Object(App\Controllers\UserController))
#5 C:\xampp\htdocs\app_cafe_mellinda\system\CodeIgniter.php(320): CodeIgniter\CodeIgniter->handleRequest(NULL, Object(Config\Cache), false)
#6 C:\xampp\htdocs\app_cafe_mellinda\public\index.php(37): CodeIgniter\CodeIgniter->run()
#7 C:\xampp\htdocs\app_cafe_mellinda\system\Commands\Server\rewrite.php(43): require_once('C:\\xampp\\htdocs...')
#8 {main}
CRITICAL - 2022-02-21 09:10:59 -->  route cannot be found while reverse-routing.
#0 C:\xampp\htdocs\app_cafe_mellinda\system\HTTP\RedirectResponse.php(56): CodeIgniter\HTTP\Exceptions\HTTPException::forInvalidRedirectRoute('')
#1 C:\xampp\htdocs\app_cafe_mellinda\system\Common.php(832): CodeIgniter\HTTP\RedirectResponse->route(false)
#2 C:\xampp\htdocs\app_cafe_mellinda\app\Controllers\UserController.php(90): redirect('/login')
#3 C:\xampp\htdocs\app_cafe_mellinda\system\CodeIgniter.php(825): App\Controllers\UserController->logout()
#4 C:\xampp\htdocs\app_cafe_mellinda\system\CodeIgniter.php(412): CodeIgniter\CodeIgniter->runController(Object(App\Controllers\UserController))
#5 C:\xampp\htdocs\app_cafe_mellinda\system\CodeIgniter.php(320): CodeIgniter\CodeIgniter->handleRequest(NULL, Object(Config\Cache), false)
#6 C:\xampp\htdocs\app_cafe_mellinda\public\index.php(37): CodeIgniter\CodeIgniter->run()
#7 C:\xampp\htdocs\app_cafe_mellinda\system\Commands\Server\rewrite.php(43): require_once('C:\\xampp\\htdocs...')
#8 {main}
CRITICAL - 2022-02-21 09:11:00 -->  route cannot be found while reverse-routing.
#0 C:\xampp\htdocs\app_cafe_mellinda\system\HTTP\RedirectResponse.php(56): CodeIgniter\HTTP\Exceptions\HTTPException::forInvalidRedirectRoute('')
#1 C:\xampp\htdocs\app_cafe_mellinda\system\Common.php(832): CodeIgniter\HTTP\RedirectResponse->route(false)
#2 C:\xampp\htdocs\app_cafe_mellinda\app\Controllers\UserController.php(90): redirect('/login')
#3 C:\xampp\htdocs\app_cafe_mellinda\system\CodeIgniter.php(825): App\Controllers\UserController->logout()
#4 C:\xampp\htdocs\app_cafe_mellinda\system\CodeIgniter.php(412): CodeIgniter\CodeIgniter->runController(Object(App\Controllers\UserController))
#5 C:\xampp\htdocs\app_cafe_mellinda\system\CodeIgniter.php(320): CodeIgniter\CodeIgniter->handleRequest(NULL, Object(Config\Cache), false)
#6 C:\xampp\htdocs\app_cafe_mellinda\public\index.php(37): CodeIgniter\CodeIgniter->run()
#7 C:\xampp\htdocs\app_cafe_mellinda\system\Commands\Server\rewrite.php(43): require_once('C:\\xampp\\htdocs...')
#8 {main}
CRITICAL - 2022-02-21 09:11:01 -->  route cannot be found while reverse-routing.
#0 C:\xampp\htdocs\app_cafe_mellinda\system\HTTP\RedirectResponse.php(56): CodeIgniter\HTTP\Exceptions\HTTPException::forInvalidRedirectRoute('')
#1 C:\xampp\htdocs\app_cafe_mellinda\system\Common.php(832): CodeIgniter\HTTP\RedirectResponse->route(false)
#2 C:\xampp\htdocs\app_cafe_mellinda\app\Controllers\UserController.php(90): redirect('/login')
#3 C:\xampp\htdocs\app_cafe_mellinda\system\CodeIgniter.php(825): App\Controllers\UserController->logout()
#4 C:\xampp\htdocs\app_cafe_mellinda\system\CodeIgniter.php(412): CodeIgniter\CodeIgniter->runController(Object(App\Controllers\UserController))
#5 C:\xampp\htdocs\app_cafe_mellinda\system\CodeIgniter.php(320): CodeIgniter\CodeIgniter->handleRequest(NULL, Object(Config\Cache), false)
#6 C:\xampp\htdocs\app_cafe_mellinda\public\index.php(37): CodeIgniter\CodeIgniter->run()
#7 C:\xampp\htdocs\app_cafe_mellinda\system\Commands\Server\rewrite.php(43): require_once('C:\\xampp\\htdocs...')
#8 {main}
CRITICAL - 2022-02-21 09:11:07 -->  route cannot be found while reverse-routing.
#0 C:\xampp\htdocs\app_cafe_mellinda\system\HTTP\RedirectResponse.php(56): CodeIgniter\HTTP\Exceptions\HTTPException::forInvalidRedirectRoute('')
#1 C:\xampp\htdocs\app_cafe_mellinda\system\Common.php(832): CodeIgniter\HTTP\RedirectResponse->route(false)
#2 C:\xampp\htdocs\app_cafe_mellinda\app\Controllers\UserController.php(90): redirect('/login')
#3 C:\xampp\htdocs\app_cafe_mellinda\system\CodeIgniter.php(825): App\Controllers\UserController->logout()
#4 C:\xampp\htdocs\app_cafe_mellinda\system\CodeIgniter.php(412): CodeIgniter\CodeIgniter->runController(Object(App\Controllers\UserController))
#5 C:\xampp\htdocs\app_cafe_mellinda\system\CodeIgniter.php(320): CodeIgniter\CodeIgniter->handleRequest(NULL, Object(Config\Cache), false)
#6 C:\xampp\htdocs\app_cafe_mellinda\public\index.php(37): CodeIgniter\CodeIgniter->run()
#7 C:\xampp\htdocs\app_cafe_mellinda\system\Commands\Server\rewrite.php(43): require_once('C:\\xampp\\htdocs...')
#8 {main}
CRITICAL - 2022-02-21 09:13:09 -->  route cannot be found while reverse-routing.
#0 C:\xampp\htdocs\app_cafe_mellinda\system\HTTP\RedirectResponse.php(56): CodeIgniter\HTTP\Exceptions\HTTPException::forInvalidRedirectRoute('')
#1 C:\xampp\htdocs\app_cafe_mellinda\system\Common.php(832): CodeIgniter\HTTP\RedirectResponse->route(false)
#2 C:\xampp\htdocs\app_cafe_mellinda\app\Controllers\UserController.php(90): redirect('/login')
#3 C:\xampp\htdocs\app_cafe_mellinda\system\CodeIgniter.php(825): App\Controllers\UserController->logout()
#4 C:\xampp\htdocs\app_cafe_mellinda\system\CodeIgniter.php(412): CodeIgniter\CodeIgniter->runController(Object(App\Controllers\UserController))
#5 C:\xampp\htdocs\app_cafe_mellinda\system\CodeIgniter.php(320): CodeIgniter\CodeIgniter->handleRequest(NULL, Object(Config\Cache), false)
#6 C:\xampp\htdocs\app_cafe_mellinda\public\index.php(37): CodeIgniter\CodeIgniter->run()
#7 C:\xampp\htdocs\app_cafe_mellinda\system\Commands\Server\rewrite.php(43): require_once('C:\\xampp\\htdocs...')
#8 {main}
CRITICAL - 2022-02-21 12:40:11 --> unlink(C:\xampp\htdocs\app_cafe_mellinda\writable\debugbar/debugbar_1645468811.json): Resource temporarily unavailable
#0 [internal function]: CodeIgniter\Debug\Exceptions->errorHandler(2, 'unlink(C:\\xampp...', 'C:\\xampp\\htdocs...', 74)
#1 C:\xampp\htdocs\app_cafe_mellinda\system\Debug\Toolbar\Collectors\History.php(74): unlink('C:\\xampp\\htdocs...')
#2 C:\xampp\htdocs\app_cafe_mellinda\system\Debug\Toolbar.php(487): CodeIgniter\Debug\Toolbar\Collectors\History->setFiles(1645468811, 20)
#3 C:\xampp\htdocs\app_cafe_mellinda\system\Debug\Toolbar.php(464): CodeIgniter\Debug\Toolbar->format(Array, 'html')
#4 C:\xampp\htdocs\app_cafe_mellinda\app\Config\Events.php(48): CodeIgniter\Debug\Toolbar->respond()
#5 C:\xampp\htdocs\app_cafe_mellinda\system\Events\Events.php(149): CodeIgniter\Events\Events::Config\{closure}()
#6 C:\xampp\htdocs\app_cafe_mellinda\system\CodeIgniter.php(302): CodeIgniter\Events\Events::trigger('pre_system')
#7 C:\xampp\htdocs\app_cafe_mellinda\public\index.php(37): CodeIgniter\CodeIgniter->run()
#8 {main}
CRITICAL - 2022-02-21 13:09:31 --> session_start(): Failed to decode session object. Session has been destroyed
#0 [internal function]: CodeIgniter\Debug\Exceptions->errorHandler(2, 'session_start()...', 'C:\\xampp\\htdocs...', 894)
#1 C:\xampp\htdocs\app_cafe_mellinda\system\Session\Session.php(894): session_start()
#2 C:\xampp\htdocs\app_cafe_mellinda\system\Session\Session.php(238): CodeIgniter\Session\Session->startSession()
#3 C:\xampp\htdocs\app_cafe_mellinda\system\Config\Services.php(577): CodeIgniter\Session\Session->start()
#4 C:\xampp\htdocs\app_cafe_mellinda\system\Config\BaseService.php(248): CodeIgniter\Config\Services::session(Object(Config\App), false)
#5 C:\xampp\htdocs\app_cafe_mellinda\system\Config\BaseService.php(189): CodeIgniter\Config\BaseService::__callStatic('session', Array)
#6 C:\xampp\htdocs\app_cafe_mellinda\system\Config\Services.php(563): CodeIgniter\Config\BaseService::getSharedInstance('session', NULL)
#7 C:\xampp\htdocs\app_cafe_mellinda\system\Config\BaseService.php(248): CodeIgniter\Config\Services::session()
#8 C:\xampp\htdocs\app_cafe_mellinda\system\Common.php(901): CodeIgniter\Config\BaseService::__callStatic('session', Array)
#9 C:\xampp\htdocs\app_cafe_mellinda\app\Views\login.php(17): session()
#10 C:\xampp\htdocs\app_cafe_mellinda\system\View\View.php(210): include('C:\\xampp\\htdocs...')
#11 C:\xampp\htdocs\app_cafe_mellinda\system\View\View.php(213): CodeIgniter\View\View->CodeIgniter\View\{closure}()
#12 C:\xampp\htdocs\app_cafe_mellinda\system\Common.php(1089): CodeIgniter\View\View->render('login', Array, true)
#13 C:\xampp\htdocs\app_cafe_mellinda\app\Controllers\UserController.php(57): view('login')
#14 C:\xampp\htdocs\app_cafe_mellinda\system\CodeIgniter.php(825): App\Controllers\UserController->tlogin()
#15 C:\xampp\htdocs\app_cafe_mellinda\system\CodeIgniter.php(412): CodeIgniter\CodeIgniter->runController(Object(App\Controllers\UserController))
#16 C:\xampp\htdocs\app_cafe_mellinda\system\CodeIgniter.php(320): CodeIgniter\CodeIgniter->handleRequest(NULL, Object(Config\Cache), false)
#17 C:\xampp\htdocs\app_cafe_mellinda\public\index.php(37): CodeIgniter\CodeIgniter->run()
#18 C:\xampp\htdocs\app_cafe_mellinda\system\Commands\Server\rewrite.php(43): require_once('C:\\xampp\\htdocs...')
#19 {main}
