CRITICAL - 2022-02-22 02:44:12 --> The framework needs the following extension(s) installed and loaded: intl.
#0 C:\xampp\htdocs\app_cafe_mellinda\system\CodeIgniter.php(219): CodeIgniter\Exceptions\FrameworkException::forMissingExtension('intl')
#1 C:\xampp\htdocs\app_cafe_mellinda\system\CodeIgniter.php(177): CodeIgniter\CodeIgniter->resolvePlatformExtensions()
#2 C:\xampp\htdocs\app_cafe_mellinda\system\bootstrap.php(146): CodeIgniter\CodeIgniter->initialize()
#3 C:\xampp\htdocs\app_cafe_mellinda\spark(45): require('C:\\xampp\\htdocs...')
#4 {main}
CRITICAL - 2022-02-22 02:45:17 --> The framework needs the following extension(s) installed and loaded: intl.
#0 C:\xampp\htdocs\app_cafe_mellinda\system\CodeIgniter.php(219): CodeIgniter\Exceptions\FrameworkException::forMissingExtension('intl')
#1 C:\xampp\htdocs\app_cafe_mellinda\system\CodeIgniter.php(177): CodeIgniter\CodeIgniter->resolvePlatformExtensions()
#2 C:\xampp\htdocs\app_cafe_mellinda\system\bootstrap.php(146): CodeIgniter\CodeIgniter->initialize()
#3 C:\xampp\htdocs\app_cafe_mellinda\spark(45): require('C:\\xampp\\htdocs...')
#4 {main}
CRITICAL - 2022-02-22 02:46:57 --> The framework needs the following extension(s) installed and loaded: intl.
#0 D:\xampp\htdocs\app_cafe_mellinda\system\CodeIgniter.php(219): CodeIgniter\Exceptions\FrameworkException::forMissingExtension('intl')
#1 D:\xampp\htdocs\app_cafe_mellinda\system\CodeIgniter.php(177): CodeIgniter\CodeIgniter->resolvePlatformExtensions()
#2 D:\xampp\htdocs\app_cafe_mellinda\system\bootstrap.php(146): CodeIgniter\CodeIgniter->initialize()
#3 D:\xampp\htdocs\app_cafe_mellinda\spark(45): require('D:\\xampp\\htdocs...')
#4 {main}
CRITICAL - 2022-02-22 01:27:04 --> Class "App\Models\MenuModel" not found
#0 D:\xampp\htdocs\app_cafe_mellinda\system\CodeIgniter.php(802): App\Controllers\MenuController->__construct()
#1 D:\xampp\htdocs\app_cafe_mellinda\system\CodeIgniter.php(403): CodeIgniter\CodeIgniter->createController()
#2 D:\xampp\htdocs\app_cafe_mellinda\system\CodeIgniter.php(320): CodeIgniter\CodeIgniter->handleRequest(NULL, Object(Config\Cache), false)
#3 D:\xampp\htdocs\app_cafe_mellinda\public\index.php(37): CodeIgniter\CodeIgniter->run()
#4 D:\xampp\htdocs\app_cafe_mellinda\system\Commands\Server\rewrite.php(43): require_once('D:\\xampp\\htdocs...')
#5 {main}
CRITICAL - 2022-02-22 01:27:42 --> Class "App\Models\MenuModel" not found
#0 D:\xampp\htdocs\app_cafe_mellinda\system\CodeIgniter.php(802): App\Controllers\MenuController->__construct()
#1 D:\xampp\htdocs\app_cafe_mellinda\system\CodeIgniter.php(403): CodeIgniter\CodeIgniter->createController()
#2 D:\xampp\htdocs\app_cafe_mellinda\system\CodeIgniter.php(320): CodeIgniter\CodeIgniter->handleRequest(NULL, Object(Config\Cache), false)
#3 D:\xampp\htdocs\app_cafe_mellinda\public\index.php(37): CodeIgniter\CodeIgniter->run()
#4 D:\xampp\htdocs\app_cafe_mellinda\system\Commands\Server\rewrite.php(43): require_once('D:\\xampp\\htdocs...')
#5 {main}
CRITICAL - 2022-02-22 01:27:43 --> Class "App\Models\MenuModel" not found
#0 D:\xampp\htdocs\app_cafe_mellinda\system\CodeIgniter.php(802): App\Controllers\MenuController->__construct()
#1 D:\xampp\htdocs\app_cafe_mellinda\system\CodeIgniter.php(403): CodeIgniter\CodeIgniter->createController()
#2 D:\xampp\htdocs\app_cafe_mellinda\system\CodeIgniter.php(320): CodeIgniter\CodeIgniter->handleRequest(NULL, Object(Config\Cache), false)
#3 D:\xampp\htdocs\app_cafe_mellinda\public\index.php(37): CodeIgniter\CodeIgniter->run()
#4 D:\xampp\htdocs\app_cafe_mellinda\system\Commands\Server\rewrite.php(43): require_once('D:\\xampp\\htdocs...')
#5 {main}
CRITICAL - 2022-02-22 01:27:43 --> Class "App\Models\MenuModel" not found
#0 D:\xampp\htdocs\app_cafe_mellinda\system\CodeIgniter.php(802): App\Controllers\MenuController->__construct()
#1 D:\xampp\htdocs\app_cafe_mellinda\system\CodeIgniter.php(403): CodeIgniter\CodeIgniter->createController()
#2 D:\xampp\htdocs\app_cafe_mellinda\system\CodeIgniter.php(320): CodeIgniter\CodeIgniter->handleRequest(NULL, Object(Config\Cache), false)
#3 D:\xampp\htdocs\app_cafe_mellinda\public\index.php(37): CodeIgniter\CodeIgniter->run()
#4 D:\xampp\htdocs\app_cafe_mellinda\system\Commands\Server\rewrite.php(43): require_once('D:\\xampp\\htdocs...')
#5 {main}
CRITICAL - 2022-02-22 01:27:44 --> Class "App\Models\MenuModel" not found
#0 D:\xampp\htdocs\app_cafe_mellinda\system\CodeIgniter.php(802): App\Controllers\MenuController->__construct()
#1 D:\xampp\htdocs\app_cafe_mellinda\system\CodeIgniter.php(403): CodeIgniter\CodeIgniter->createController()
#2 D:\xampp\htdocs\app_cafe_mellinda\system\CodeIgniter.php(320): CodeIgniter\CodeIgniter->handleRequest(NULL, Object(Config\Cache), false)
#3 D:\xampp\htdocs\app_cafe_mellinda\public\index.php(37): CodeIgniter\CodeIgniter->run()
#4 D:\xampp\htdocs\app_cafe_mellinda\system\Commands\Server\rewrite.php(43): require_once('D:\\xampp\\htdocs...')
#5 {main}
CRITICAL - 2022-02-22 01:35:46 --> Class "App\Models\MenuModel" not found
#0 D:\xampp\htdocs\app_cafe_mellinda\system\CodeIgniter.php(802): App\Controllers\MenuController->__construct()
#1 D:\xampp\htdocs\app_cafe_mellinda\system\CodeIgniter.php(403): CodeIgniter\CodeIgniter->createController()
#2 D:\xampp\htdocs\app_cafe_mellinda\system\CodeIgniter.php(320): CodeIgniter\CodeIgniter->handleRequest(NULL, Object(Config\Cache), false)
#3 D:\xampp\htdocs\app_cafe_mellinda\public\index.php(37): CodeIgniter\CodeIgniter->run()
#4 D:\xampp\htdocs\app_cafe_mellinda\system\Commands\Server\rewrite.php(43): require_once('D:\\xampp\\htdocs...')
#5 {main}
CRITICAL - 2022-02-22 01:36:09 --> Class "App\Models\MenuModel" not found
#0 D:\xampp\htdocs\app_cafe_mellinda\system\CodeIgniter.php(802): App\Controllers\MenuController->__construct()
#1 D:\xampp\htdocs\app_cafe_mellinda\system\CodeIgniter.php(403): CodeIgniter\CodeIgniter->createController()
#2 D:\xampp\htdocs\app_cafe_mellinda\system\CodeIgniter.php(320): CodeIgniter\CodeIgniter->handleRequest(NULL, Object(Config\Cache), false)
#3 D:\xampp\htdocs\app_cafe_mellinda\public\index.php(37): CodeIgniter\CodeIgniter->run()
#4 D:\xampp\htdocs\app_cafe_mellinda\system\Commands\Server\rewrite.php(43): require_once('D:\\xampp\\htdocs...')
#5 {main}
CRITICAL - 2022-02-22 01:37:03 --> Class "App\Models\MenuModel" not found
#0 D:\xampp\htdocs\app_cafe_mellinda\system\CodeIgniter.php(802): App\Controllers\MenuController->__construct()
#1 D:\xampp\htdocs\app_cafe_mellinda\system\CodeIgniter.php(403): CodeIgniter\CodeIgniter->createController()
#2 D:\xampp\htdocs\app_cafe_mellinda\system\CodeIgniter.php(320): CodeIgniter\CodeIgniter->handleRequest(NULL, Object(Config\Cache), false)
#3 D:\xampp\htdocs\app_cafe_mellinda\public\index.php(37): CodeIgniter\CodeIgniter->run()
#4 D:\xampp\htdocs\app_cafe_mellinda\system\Commands\Server\rewrite.php(43): require_once('D:\\xampp\\htdocs...')
#5 {main}
CRITICAL - 2022-02-22 01:37:03 --> Class "App\Models\MenuModel" not found
#0 D:\xampp\htdocs\app_cafe_mellinda\system\CodeIgniter.php(802): App\Controllers\MenuController->__construct()
#1 D:\xampp\htdocs\app_cafe_mellinda\system\CodeIgniter.php(403): CodeIgniter\CodeIgniter->createController()
#2 D:\xampp\htdocs\app_cafe_mellinda\system\CodeIgniter.php(320): CodeIgniter\CodeIgniter->handleRequest(NULL, Object(Config\Cache), false)
#3 D:\xampp\htdocs\app_cafe_mellinda\public\index.php(37): CodeIgniter\CodeIgniter->run()
#4 D:\xampp\htdocs\app_cafe_mellinda\system\Commands\Server\rewrite.php(43): require_once('D:\\xampp\\htdocs...')
#5 {main}
CRITICAL - 2022-02-22 01:37:04 --> Class "App\Models\MenuModel" not found
#0 D:\xampp\htdocs\app_cafe_mellinda\system\CodeIgniter.php(802): App\Controllers\MenuController->__construct()
#1 D:\xampp\htdocs\app_cafe_mellinda\system\CodeIgniter.php(403): CodeIgniter\CodeIgniter->createController()
#2 D:\xampp\htdocs\app_cafe_mellinda\system\CodeIgniter.php(320): CodeIgniter\CodeIgniter->handleRequest(NULL, Object(Config\Cache), false)
#3 D:\xampp\htdocs\app_cafe_mellinda\public\index.php(37): CodeIgniter\CodeIgniter->run()
#4 D:\xampp\htdocs\app_cafe_mellinda\system\Commands\Server\rewrite.php(43): require_once('D:\\xampp\\htdocs...')
#5 {main}
CRITICAL - 2022-02-22 01:39:49 --> Class "App\Models\MenuModel" not found
#0 D:\xampp\htdocs\app_cafe_mellinda\system\CodeIgniter.php(802): App\Controllers\MenuController->__construct()
#1 D:\xampp\htdocs\app_cafe_mellinda\system\CodeIgniter.php(403): CodeIgniter\CodeIgniter->createController()
#2 D:\xampp\htdocs\app_cafe_mellinda\system\CodeIgniter.php(320): CodeIgniter\CodeIgniter->handleRequest(NULL, Object(Config\Cache), false)
#3 D:\xampp\htdocs\app_cafe_mellinda\public\index.php(37): CodeIgniter\CodeIgniter->run()
#4 D:\xampp\htdocs\app_cafe_mellinda\system\Commands\Server\rewrite.php(43): require_once('D:\\xampp\\htdocs...')
#5 {main}
CRITICAL - 2022-02-22 01:39:50 --> Class "App\Models\MenuModel" not found
#0 D:\xampp\htdocs\app_cafe_mellinda\system\CodeIgniter.php(802): App\Controllers\MenuController->__construct()
#1 D:\xampp\htdocs\app_cafe_mellinda\system\CodeIgniter.php(403): CodeIgniter\CodeIgniter->createController()
#2 D:\xampp\htdocs\app_cafe_mellinda\system\CodeIgniter.php(320): CodeIgniter\CodeIgniter->handleRequest(NULL, Object(Config\Cache), false)
#3 D:\xampp\htdocs\app_cafe_mellinda\public\index.php(37): CodeIgniter\CodeIgniter->run()
#4 D:\xampp\htdocs\app_cafe_mellinda\system\Commands\Server\rewrite.php(43): require_once('D:\\xampp\\htdocs...')
#5 {main}
CRITICAL - 2022-02-22 01:39:50 --> Class "App\Models\MenuModel" not found
#0 D:\xampp\htdocs\app_cafe_mellinda\system\CodeIgniter.php(802): App\Controllers\MenuController->__construct()
#1 D:\xampp\htdocs\app_cafe_mellinda\system\CodeIgniter.php(403): CodeIgniter\CodeIgniter->createController()
#2 D:\xampp\htdocs\app_cafe_mellinda\system\CodeIgniter.php(320): CodeIgniter\CodeIgniter->handleRequest(NULL, Object(Config\Cache), false)
#3 D:\xampp\htdocs\app_cafe_mellinda\public\index.php(37): CodeIgniter\CodeIgniter->run()
#4 D:\xampp\htdocs\app_cafe_mellinda\system\Commands\Server\rewrite.php(43): require_once('D:\\xampp\\htdocs...')
#5 {main}
CRITICAL - 2022-02-22 01:39:50 --> Class "App\Models\MenuModel" not found
#0 D:\xampp\htdocs\app_cafe_mellinda\system\CodeIgniter.php(802): App\Controllers\MenuController->__construct()
#1 D:\xampp\htdocs\app_cafe_mellinda\system\CodeIgniter.php(403): CodeIgniter\CodeIgniter->createController()
#2 D:\xampp\htdocs\app_cafe_mellinda\system\CodeIgniter.php(320): CodeIgniter\CodeIgniter->handleRequest(NULL, Object(Config\Cache), false)
#3 D:\xampp\htdocs\app_cafe_mellinda\public\index.php(37): CodeIgniter\CodeIgniter->run()
#4 D:\xampp\htdocs\app_cafe_mellinda\system\Commands\Server\rewrite.php(43): require_once('D:\\xampp\\htdocs...')
#5 {main}
CRITICAL - 2022-02-22 01:39:51 --> Class "App\Models\MenuModel" not found
#0 D:\xampp\htdocs\app_cafe_mellinda\system\CodeIgniter.php(802): App\Controllers\MenuController->__construct()
#1 D:\xampp\htdocs\app_cafe_mellinda\system\CodeIgniter.php(403): CodeIgniter\CodeIgniter->createController()
#2 D:\xampp\htdocs\app_cafe_mellinda\system\CodeIgniter.php(320): CodeIgniter\CodeIgniter->handleRequest(NULL, Object(Config\Cache), false)
#3 D:\xampp\htdocs\app_cafe_mellinda\public\index.php(37): CodeIgniter\CodeIgniter->run()
#4 D:\xampp\htdocs\app_cafe_mellinda\system\Commands\Server\rewrite.php(43): require_once('D:\\xampp\\htdocs...')
#5 {main}
CRITICAL - 2022-02-22 01:39:51 --> Class "App\Models\MenuModel" not found
#0 D:\xampp\htdocs\app_cafe_mellinda\system\CodeIgniter.php(802): App\Controllers\MenuController->__construct()
#1 D:\xampp\htdocs\app_cafe_mellinda\system\CodeIgniter.php(403): CodeIgniter\CodeIgniter->createController()
#2 D:\xampp\htdocs\app_cafe_mellinda\system\CodeIgniter.php(320): CodeIgniter\CodeIgniter->handleRequest(NULL, Object(Config\Cache), false)
#3 D:\xampp\htdocs\app_cafe_mellinda\public\index.php(37): CodeIgniter\CodeIgniter->run()
#4 D:\xampp\htdocs\app_cafe_mellinda\system\Commands\Server\rewrite.php(43): require_once('D:\\xampp\\htdocs...')
#5 {main}
CRITICAL - 2022-02-22 01:42:12 --> Class "App\Models\MenuModel" not found
#0 D:\xampp\htdocs\app_cafe_mellinda\system\CodeIgniter.php(802): App\Controllers\MenuController->__construct()
#1 D:\xampp\htdocs\app_cafe_mellinda\system\CodeIgniter.php(403): CodeIgniter\CodeIgniter->createController()
#2 D:\xampp\htdocs\app_cafe_mellinda\system\CodeIgniter.php(320): CodeIgniter\CodeIgniter->handleRequest(NULL, Object(Config\Cache), false)
#3 D:\xampp\htdocs\app_cafe_mellinda\public\index.php(37): CodeIgniter\CodeIgniter->run()
#4 D:\xampp\htdocs\app_cafe_mellinda\system\Commands\Server\rewrite.php(43): require_once('D:\\xampp\\htdocs...')
#5 {main}
CRITICAL - 2022-02-22 01:43:30 --> Class "App\Models\MenuModel" not found
#0 D:\xampp\htdocs\app_cafe_mellinda\system\CodeIgniter.php(802): App\Controllers\MenuController->__construct()
#1 D:\xampp\htdocs\app_cafe_mellinda\system\CodeIgniter.php(403): CodeIgniter\CodeIgniter->createController()
#2 D:\xampp\htdocs\app_cafe_mellinda\system\CodeIgniter.php(320): CodeIgniter\CodeIgniter->handleRequest(NULL, Object(Config\Cache), false)
#3 D:\xampp\htdocs\app_cafe_mellinda\public\index.php(37): CodeIgniter\CodeIgniter->run()
#4 D:\xampp\htdocs\app_cafe_mellinda\system\Commands\Server\rewrite.php(43): require_once('D:\\xampp\\htdocs...')
#5 {main}
CRITICAL - 2022-02-22 01:50:22 --> Class "App\Models\MenuModel" not found
#0 D:\xampp\htdocs\app_cafe_mellinda\system\CodeIgniter.php(802): App\Controllers\MenuController->__construct()
#1 D:\xampp\htdocs\app_cafe_mellinda\system\CodeIgniter.php(403): CodeIgniter\CodeIgniter->createController()
#2 D:\xampp\htdocs\app_cafe_mellinda\system\CodeIgniter.php(320): CodeIgniter\CodeIgniter->handleRequest(NULL, Object(Config\Cache), false)
#3 D:\xampp\htdocs\app_cafe_mellinda\public\index.php(37): CodeIgniter\CodeIgniter->run()
#4 D:\xampp\htdocs\app_cafe_mellinda\system\Commands\Server\rewrite.php(43): require_once('D:\\xampp\\htdocs...')
#5 {main}
CRITICAL - 2022-02-22 01:51:09 --> Class "App\Models\MenuModel" not found
#0 D:\xampp\htdocs\app_cafe_mellinda\system\CodeIgniter.php(802): App\Controllers\MenuController->__construct()
#1 D:\xampp\htdocs\app_cafe_mellinda\system\CodeIgniter.php(403): CodeIgniter\CodeIgniter->createController()
#2 D:\xampp\htdocs\app_cafe_mellinda\system\CodeIgniter.php(320): CodeIgniter\CodeIgniter->handleRequest(NULL, Object(Config\Cache), false)
#3 D:\xampp\htdocs\app_cafe_mellinda\public\index.php(37): CodeIgniter\CodeIgniter->run()
#4 D:\xampp\htdocs\app_cafe_mellinda\system\Commands\Server\rewrite.php(43): require_once('D:\\xampp\\htdocs...')
#5 {main}
CRITICAL - 2022-02-22 01:52:15 --> Class "App\Models\MenuModel" not found
#0 D:\xampp\htdocs\app_cafe_mellinda\system\CodeIgniter.php(802): App\Controllers\MenuController->__construct()
#1 D:\xampp\htdocs\app_cafe_mellinda\system\CodeIgniter.php(403): CodeIgniter\CodeIgniter->createController()
#2 D:\xampp\htdocs\app_cafe_mellinda\system\CodeIgniter.php(320): CodeIgniter\CodeIgniter->handleRequest(NULL, Object(Config\Cache), false)
#3 D:\xampp\htdocs\app_cafe_mellinda\public\index.php(37): CodeIgniter\CodeIgniter->run()
#4 D:\xampp\htdocs\app_cafe_mellinda\system\Commands\Server\rewrite.php(43): require_once('D:\\xampp\\htdocs...')
#5 {main}
CRITICAL - 2022-02-22 01:57:53 --> Class "App\Models\MenuModel" not found
#0 D:\xampp\htdocs\app_cafe_mellinda\system\CodeIgniter.php(802): App\Controllers\MenuController->__construct()
#1 D:\xampp\htdocs\app_cafe_mellinda\system\CodeIgniter.php(403): CodeIgniter\CodeIgniter->createController()
#2 D:\xampp\htdocs\app_cafe_mellinda\system\CodeIgniter.php(320): CodeIgniter\CodeIgniter->handleRequest(NULL, Object(Config\Cache), false)
#3 D:\xampp\htdocs\app_cafe_mellinda\public\index.php(37): CodeIgniter\CodeIgniter->run()
#4 D:\xampp\htdocs\app_cafe_mellinda\system\Commands\Server\rewrite.php(43): require_once('D:\\xampp\\htdocs...')
#5 {main}
CRITICAL - 2022-02-22 01:57:55 --> Class "App\Models\MenuModel" not found
#0 D:\xampp\htdocs\app_cafe_mellinda\system\CodeIgniter.php(802): App\Controllers\MenuController->__construct()
#1 D:\xampp\htdocs\app_cafe_mellinda\system\CodeIgniter.php(403): CodeIgniter\CodeIgniter->createController()
#2 D:\xampp\htdocs\app_cafe_mellinda\system\CodeIgniter.php(320): CodeIgniter\CodeIgniter->handleRequest(NULL, Object(Config\Cache), false)
#3 D:\xampp\htdocs\app_cafe_mellinda\public\index.php(37): CodeIgniter\CodeIgniter->run()
#4 D:\xampp\htdocs\app_cafe_mellinda\system\Commands\Server\rewrite.php(43): require_once('D:\\xampp\\htdocs...')
#5 {main}
CRITICAL - 2022-02-22 01:58:38 --> Undefined variable $dmenu
#0 D:\xampp\htdocs\app_cafe_mellinda\app\Views\menu.php(27): CodeIgniter\Debug\Exceptions->errorHandler(2, 'Undefined varia...', 'D:\\xampp\\htdocs...', 27)
#1 D:\xampp\htdocs\app_cafe_mellinda\system\View\View.php(210): include('D:\\xampp\\htdocs...')
#2 D:\xampp\htdocs\app_cafe_mellinda\system\View\View.php(213): CodeIgniter\View\View->CodeIgniter\View\{closure}()
#3 D:\xampp\htdocs\app_cafe_mellinda\system\Common.php(1089): CodeIgniter\View\View->render('menu', Array, true)
#4 D:\xampp\htdocs\app_cafe_mellinda\app\Controllers\MenuController.php(25): view('menu', Array)
#5 D:\xampp\htdocs\app_cafe_mellinda\system\CodeIgniter.php(825): App\Controllers\MenuController->tampil()
#6 D:\xampp\htdocs\app_cafe_mellinda\system\CodeIgniter.php(412): CodeIgniter\CodeIgniter->runController(Object(App\Controllers\MenuController))
#7 D:\xampp\htdocs\app_cafe_mellinda\system\CodeIgniter.php(320): CodeIgniter\CodeIgniter->handleRequest(NULL, Object(Config\Cache), false)
#8 D:\xampp\htdocs\app_cafe_mellinda\public\index.php(37): CodeIgniter\CodeIgniter->run()
#9 D:\xampp\htdocs\app_cafe_mellinda\system\Commands\Server\rewrite.php(43): require_once('D:\\xampp\\htdocs...')
#10 {main}
CRITICAL - 2022-02-22 01:59:03 --> Undefined variable $dmenus
#0 D:\xampp\htdocs\app_cafe_mellinda\app\Views\menu.php(27): CodeIgniter\Debug\Exceptions->errorHandler(2, 'Undefined varia...', 'D:\\xampp\\htdocs...', 27)
#1 D:\xampp\htdocs\app_cafe_mellinda\system\View\View.php(210): include('D:\\xampp\\htdocs...')
#2 D:\xampp\htdocs\app_cafe_mellinda\system\View\View.php(213): CodeIgniter\View\View->CodeIgniter\View\{closure}()
#3 D:\xampp\htdocs\app_cafe_mellinda\system\Common.php(1089): CodeIgniter\View\View->render('menu', Array, true)
#4 D:\xampp\htdocs\app_cafe_mellinda\app\Controllers\MenuController.php(25): view('menu', Array)
#5 D:\xampp\htdocs\app_cafe_mellinda\system\CodeIgniter.php(825): App\Controllers\MenuController->tampil()
#6 D:\xampp\htdocs\app_cafe_mellinda\system\CodeIgniter.php(412): CodeIgniter\CodeIgniter->runController(Object(App\Controllers\MenuController))
#7 D:\xampp\htdocs\app_cafe_mellinda\system\CodeIgniter.php(320): CodeIgniter\CodeIgniter->handleRequest(NULL, Object(Config\Cache), false)
#8 D:\xampp\htdocs\app_cafe_mellinda\public\index.php(37): CodeIgniter\CodeIgniter->run()
#9 D:\xampp\htdocs\app_cafe_mellinda\system\Commands\Server\rewrite.php(43): require_once('D:\\xampp\\htdocs...')
#10 {main}
CRITICAL - 2022-02-22 01:59:04 --> Undefined variable $dmenus
#0 D:\xampp\htdocs\app_cafe_mellinda\app\Views\menu.php(27): CodeIgniter\Debug\Exceptions->errorHandler(2, 'Undefined varia...', 'D:\\xampp\\htdocs...', 27)
#1 D:\xampp\htdocs\app_cafe_mellinda\system\View\View.php(210): include('D:\\xampp\\htdocs...')
#2 D:\xampp\htdocs\app_cafe_mellinda\system\View\View.php(213): CodeIgniter\View\View->CodeIgniter\View\{closure}()
#3 D:\xampp\htdocs\app_cafe_mellinda\system\Common.php(1089): CodeIgniter\View\View->render('menu', Array, true)
#4 D:\xampp\htdocs\app_cafe_mellinda\app\Controllers\MenuController.php(25): view('menu', Array)
#5 D:\xampp\htdocs\app_cafe_mellinda\system\CodeIgniter.php(825): App\Controllers\MenuController->tampil()
#6 D:\xampp\htdocs\app_cafe_mellinda\system\CodeIgniter.php(412): CodeIgniter\CodeIgniter->runController(Object(App\Controllers\MenuController))
#7 D:\xampp\htdocs\app_cafe_mellinda\system\CodeIgniter.php(320): CodeIgniter\CodeIgniter->handleRequest(NULL, Object(Config\Cache), false)
#8 D:\xampp\htdocs\app_cafe_mellinda\public\index.php(37): CodeIgniter\CodeIgniter->run()
#9 D:\xampp\htdocs\app_cafe_mellinda\system\Commands\Server\rewrite.php(43): require_once('D:\\xampp\\htdocs...')
#10 {main}
